#
# There is insufficient memory for the Java Runtime Environment to continue.
# Native memory allocation (mmap) failed to map 67108864 bytes for committing reserved memory.
# Possible reasons:
#   The system is out of physical RAM or swap space
#   In 32 bit mode, the process size limit was hit
# Possible solutions:
#   Reduce memory load on the system
#   Increase physical memory or swap space
#   Check if swap backing store is full
#   Use 64 bit Java on a 64 bit OS
#   Decrease Java heap size (-Xmx/-Xms)
#   Decrease number of Java threads
#   Decrease Java thread stack sizes (-Xss)
#   Set larger code cache with -XX:ReservedCodeCacheSize=
# This output file may be truncated or incomplete.
#
#  Out of Memory Error (os_linux.cpp:2627), pid=36714, tid=139896714950400
#
# JRE version: Java(TM) SE Runtime Environment (8.0_73-b02) (build 1.8.0_73-b02)
# Java VM: Java HotSpot(TM) 64-Bit Server VM (25.73-b02 mixed mode linux-amd64 compressed oops)
# Failed to write core dump. Core dumps have been disabled. To enable core dumping, try "ulimit -c unlimited" before starting Java again
#

---------------  T H R E A D  ---------------

Current thread (0x00007f3c6c07f000):  VMThread [stack: 0x00007f3c3deff000,0x00007f3c3e000000] [id=36727]

Stack: [0x00007f3c3deff000,0x00007f3c3e000000],  sp=0x00007f3c3dffe220,  free space=1020k
Native frames: (J=compiled Java code, j=interpreted, Vv=VM code, C=native code)
V  [libjvm.so+0xaba71a]  VMError::report_and_die()+0x2ba
V  [libjvm.so+0x4f9ecb]  report_vm_out_of_memory(char const*, int, unsigned long, VMErrorType, char const*)+0x8b
V  [libjvm.so+0x91b553]  os::Linux::commit_memory_impl(char*, unsigned long, bool)+0x103
V  [libjvm.so+0x91baa9]  os::pd_commit_memory(char*, unsigned long, unsigned long, bool)+0x29
V  [libjvm.so+0x915dba]  os::commit_memory(char*, unsigned long, unsigned long, bool)+0x2a
V  [libjvm.so+0x989463]  PSVirtualSpace::expand_by(unsigned long)+0x53
V  [libjvm.so+0x98a868]  PSYoungGen::resize_generation(unsigned long, unsigned long)+0xf8
V  [libjvm.so+0x9899c2]  PSYoungGen::resize(unsigned long, unsigned long)+0x22
V  [libjvm.so+0x986c9b]  PSScavenge::invoke_no_policy()+0xf3b
V  [libjvm.so+0x987421]  PSScavenge::invoke()+0x41
V  [libjvm.so+0x93f1b0]  ParallelScavengeHeap::failed_mem_allocate(unsigned long)+0x70
V  [libjvm.so+0xabc137]  VM_ParallelGCFailedAllocation::doit()+0x97
V  [libjvm.so+0xac3b65]  VM_Operation::evaluate()+0x55
V  [libjvm.so+0xac1f3a]  VMThread::evaluate_operation(VM_Operation*)+0xba
V  [libjvm.so+0xac22be]  VMThread::loop()+0x1ce
V  [libjvm.so+0xac2730]  VMThread::run()+0x70
V  [libjvm.so+0x91d918]  java_start(Thread*)+0x108

VM_Operation (0x00007f3c3d3f1fb0): ParallelGCFailedAllocation, mode: safepoint, requested by thread 0x00007f3c6c166000


---------------  P R O C E S S  ---------------

Java Threads: ( => current thread )
  0x00007f3c6c16c000 JavaThread "pool-2-thread-4" [_thread_blocked, id=36741, stack(0x00007f3c3d0f1000,0x00007f3c3d1f2000)]
  0x00007f3c6c167800 JavaThread "pool-2-thread-3" [_thread_blocked, id=36740, stack(0x00007f3c3d1f2000,0x00007f3c3d2f3000)]
  0x00007f3c6c166000 JavaThread "pool-2-thread-2" [_thread_blocked, id=36739, stack(0x00007f3c3d2f3000,0x00007f3c3d3f4000)]
  0x00007f3c6c154800 JavaThread "pool-3-thread-1" [_thread_blocked, id=36738, stack(0x00007f3c3d3f4000,0x00007f3c3d4f5000)]
  0x00007f3c6c152800 JavaThread "pool-2-thread-1" [_thread_blocked, id=36737, stack(0x00007f3c3d4f5000,0x00007f3c3d5f6000)]
  0x00007f3c6c0c9800 JavaThread "Service Thread" daemon [_thread_blocked, id=36735, stack(0x00007f3c3d6f7000,0x00007f3c3d7f8000)]
  0x00007f3c6c0c4000 JavaThread "C1 CompilerThread3" daemon [_thread_blocked, id=36734, stack(0x00007f3c3d7f8000,0x00007f3c3d8f9000)]
  0x00007f3c6c0c2000 JavaThread "C2 CompilerThread2" daemon [_thread_blocked, id=36733, stack(0x00007f3c3d8f9000,0x00007f3c3d9fa000)]
  0x00007f3c6c0c0000 JavaThread "C2 CompilerThread1" daemon [_thread_blocked, id=36732, stack(0x00007f3c3d9fa000,0x00007f3c3dafb000)]
  0x00007f3c6c0bd800 JavaThread "C2 CompilerThread0" daemon [_thread_blocked, id=36731, stack(0x00007f3c3dafb000,0x00007f3c3dbfc000)]
  0x00007f3c6c0bc000 JavaThread "Signal Dispatcher" daemon [_thread_blocked, id=36730, stack(0x00007f3c3dbfc000,0x00007f3c3dcfd000)]
  0x00007f3c6c086000 JavaThread "Finalizer" daemon [_thread_blocked, id=36729, stack(0x00007f3c3dcfd000,0x00007f3c3ddfe000)]
  0x00007f3c6c084000 JavaThread "Reference Handler" daemon [_thread_blocked, id=36728, stack(0x00007f3c3ddfe000,0x00007f3c3deff000)]
  0x00007f3c6c009000 JavaThread "main" [_thread_blocked, id=36718, stack(0x00007f3c75040000,0x00007f3c75141000)]

Other Threads:
=>0x00007f3c6c07f000 VMThread [stack: 0x00007f3c3deff000,0x00007f3c3e000000] [id=36727]
  0x00007f3c6c0cc000 WatcherThread [stack: 0x00007f3c3d5f6000,0x00007f3c3d6f7000] [id=36736]

VM state:at safepoint (normal execution)

VM Mutex/Monitor currently owned by a thread:  ([mutex/lock_event])
[0x00007f3c6c006510] Threads_lock - owner thread: 0x00007f3c6c07f000
[0x00007f3c6c006a10] Heap_lock - owner thread: 0x00007f3c6c166000

Heap:
 PSYoungGen      total 70656K, used 5111K [0x00000000eab00000, 0x00000000ef500000, 0x0000000100000000)
  eden space 65536K, 0% used [0x00000000eab00000,0x00000000eab00000,0x00000000eeb00000)
  from space 5120K, 99% used [0x00000000eeb00000,0x00000000eeffdfe0,0x00000000ef000000)
  to   space 5120K, 0% used [0x00000000ef000000,0x00000000ef000000,0x00000000ef500000)
 ParOldGen       total 86016K, used 15465K [0x00000000c0000000, 0x00000000c5400000, 0x00000000eab00000)
  object space 86016K, 17% used [0x00000000c0000000,0x00000000c0f1a538,0x00000000c5400000)
 Metaspace       used 5928K, capacity 6960K, committed 7040K, reserved 1056768K
  class space    used 591K, capacity 616K, committed 640K, reserved 1048576K

Card table byte_map: [0x00007f3c72233000,0x00007f3c72434000] byte_map_base: 0x00007f3c71c33000

Marking Bits: (ParMarkBitMap*) 0x00007f3c7451b100
 Begin Bits: [0x00007f3c3e000000, 0x00007f3c3f000000)
 End Bits:   [0x00007f3c3f000000, 0x00007f3c40000000)

Polling page: 0x00007f3c7515c000

CodeCache: size=245760Kb used=4881Kb max_used=4881Kb free=240878Kb
 bounds [0x00007f3c5d000000, 0x00007f3c5d4d0000, 0x00007f3c6c000000]
 total_blobs=1549 nmethods=1281 adapters=182
 compilation: enabled

Compilation events (10 events):
Event: 3,793 Thread 0x00007f3c6c0c4000 nmethod 1456% 0x00007f3c5d4c41d0 code [0x00007f3c5d4c4580, 0x00007f3c5d4c6b38]
Event: 3,793 Thread 0x00007f3c6c0c4000 1470 %     3       com.android.dx.ssa.SsaBasicBlock::getRopLabelSuccessorList @ 25 (57 bytes)
Event: 3,793 Thread 0x00007f3c6c0c0000 nmethod 1465 0x00007f3c5d4a45d0 code [0x00007f3c5d4a4780, 0x00007f3c5d4a4e58]
Event: 3,793 Thread 0x00007f3c6c0c0000 1468       4       com.android.dx.ssa.SCCP::simulateBranch (666 bytes)
Event: 3,794 Thread 0x00007f3c6c0c4000 nmethod 1470% 0x00007f3c5d49f250 code [0x00007f3c5d49f460, 0x00007f3c5d49ffe8]
Event: 3,794 Thread 0x00007f3c6c0c4000 1472       3       com.android.dx.ssa.BasicRegisterMapper::addMapping (68 bytes)
Event: 3,794 Thread 0x00007f3c6c0c4000 nmethod 1472 0x00007f3c5d4a3cd0 code [0x00007f3c5d4a3e60, 0x00007f3c5d4a43b8]
Event: 3,794 Thread 0x00007f3c6c0c4000 1467 %     3       com.android.dx.cf.code.RopperMachine::jopToRopOpcode @ 949 (1103 bytes)
Event: 3,802 Thread 0x00007f3c6c0c4000 nmethod 1467% 0x00007f3c5d4c8090 code [0x00007f3c5d4c83c0, 0x00007f3c5d4ca658]
Event: 3,803 Thread 0x00007f3c6c0c4000 1491   !   3       com.android.dx.cf.code.Ropper::processBlock (1101 bytes)

GC Heap History (5 events):
Event: 1,191 GC heap before
{Heap before GC invocations=1 (full 0):
 PSYoungGen      total 37888K, used 32768K [0x00000000eab00000, 0x00000000ed500000, 0x0000000100000000)
  eden space 32768K, 100% used [0x00000000eab00000,0x00000000ecb00000,0x00000000ecb00000)
  from space 5120K, 0% used [0x00000000ed000000,0x00000000ed000000,0x00000000ed500000)
  to   space 5120K, 0% used [0x00000000ecb00000,0x00000000ecb00000,0x00000000ed000000)
 ParOldGen       total 86016K, used 0K [0x00000000c0000000, 0x00000000c5400000, 0x00000000eab00000)
  object space 86016K, 0% used [0x00000000c0000000,0x00000000c0000000,0x00000000c5400000)
 Metaspace       used 5760K, capacity 6768K, committed 7040K, reserved 1056768K
  class space    used 588K, capacity 616K, committed 640K, reserved 1048576K
Event: 1,220 GC heap after
Heap after GC invocations=1 (full 0):
 PSYoungGen      total 37888K, used 5109K [0x00000000eab00000, 0x00000000ef500000, 0x0000000100000000)
  eden space 32768K, 0% used [0x00000000eab00000,0x00000000eab00000,0x00000000ecb00000)
  from space 5120K, 99% used [0x00000000ecb00000,0x00000000ecffd5c0,0x00000000ed000000)
  to   space 5120K, 0% used [0x00000000ef000000,0x00000000ef000000,0x00000000ef500000)
 ParOldGen       total 86016K, used 1419K [0x00000000c0000000, 0x00000000c5400000, 0x00000000eab00000)
  object space 86016K, 1% used [0x00000000c0000000,0x00000000c0162ee0,0x00000000c5400000)
 Metaspace       used 5760K, capacity 6768K, committed 7040K, reserved 1056768K
  class space    used 588K, capacity 616K, committed 640K, reserved 1048576K
}
Event: 2,634 GC heap before
{Heap before GC invocations=2 (full 0):
 PSYoungGen      total 37888K, used 37877K [0x00000000eab00000, 0x00000000ef500000, 0x0000000100000000)
  eden space 32768K, 100% used [0x00000000eab00000,0x00000000ecb00000,0x00000000ecb00000)
  from space 5120K, 99% used [0x00000000ecb00000,0x00000000ecffd5c0,0x00000000ed000000)
  to   space 5120K, 0% used [0x00000000ef000000,0x00000000ef000000,0x00000000ef500000)
 ParOldGen       total 86016K, used 1419K [0x00000000c0000000, 0x00000000c5400000, 0x00000000eab00000)
  object space 86016K, 1% used [0x00000000c0000000,0x00000000c0162ee0,0x00000000c5400000)
 Metaspace       used 5907K, capacity 6896K, committed 7040K, reserved 1056768K
  class space    used 590K, capacity 616K, committed 640K, reserved 1048576K
Event: 2,676 GC heap after
Heap after GC invocations=2 (full 0):
 PSYoungGen      total 70656K, used 5116K [0x00000000eab00000, 0x00000000ef500000, 0x0000000100000000)
  eden space 65536K, 0% used [0x00000000eab00000,0x00000000eab00000,0x00000000eeb00000)
  from space 5120K, 99% used [0x00000000ef000000,0x00000000ef4ff128,0x00000000ef500000)
  to   space 5120K, 0% used [0x00000000eeb00000,0x00000000eeb00000,0x00000000ef000000)
 ParOldGen       total 86016K, used 5886K [0x00000000c0000000, 0x00000000c5400000, 0x00000000eab00000)
  object space 86016K, 6% used [0x00000000c0000000,0x00000000c05bfa98,0x00000000c5400000)
 Metaspace       used 5907K, capacity 6896K, committed 7040K, reserved 1056768K
  class space    used 590K, capacity 616K, committed 640K, reserved 1048576K
}
Event: 3,885 GC heap before
{Heap before GC invocations=3 (full 0):
 PSYoungGen      total 70656K, used 70652K [0x00000000eab00000, 0x00000000ef500000, 0x0000000100000000)
  eden space 65536K, 100% used [0x00000000eab00000,0x00000000eeb00000,0x00000000eeb00000)
  from space 5120K, 99% used [0x00000000ef000000,0x00000000ef4ff128,0x00000000ef500000)
  to   space 5120K, 0% used [0x00000000eeb00000,0x00000000eeb00000,0x00000000ef000000)
 ParOldGen       total 86016K, used 5886K [0x00000000c0000000, 0x00000000c5400000, 0x00000000eab00000)
  object space 86016K, 6% used [0x00000000c0000000,0x00000000c05bfa98,0x00000000c5400000)
 Metaspace       used 5928K, capacity 6960K, committed 7040K, reserved 1056768K
  class space    used 591K, capacity 616K, committed 640K, reserved 1048576K

Deoptimization events (10 events):
Event: 1,023 Thread 0x00007f3c6c152800 Uncommon trap: reason=unstable_if action=reinterpret pc=0x00007f3c5d227aa4 method=com.android.dx.rop.code.RegisterSpec.equals(ILcom/android/dx/rop/type/TypeBearer;Lcom/android/dx/rop/code/LocalItem;)Z @ 16
Event: 1,162 Thread 0x00007f3c6c166000 Uncommon trap: reason=unstable_if action=reinterpret pc=0x00007f3c5d24526c method=com.android.dx.rop.code.RegisterSpec.equals(ILcom/android/dx/rop/type/TypeBearer;Lcom/android/dx/rop/code/LocalItem;)Z @ 16
Event: 1,229 Thread 0x00007f3c6c009000 Uncommon trap: reason=unstable_if action=reinterpret pc=0x00007f3c5d22841c method=com.android.dx.rop.cst.Constant.compareTo(Lcom/android/dx/rop/cst/Constant;)I @ 12
Event: 1,317 Thread 0x00007f3c6c16c000 Uncommon trap: reason=null_check action=make_not_entrant pc=0x00007f3c5d27166c method=com.android.dx.ssa.SsaRenamer.getLocalForNewReg(I)Lcom/android/dx/rop/code/LocalItem; @ 19
Event: 1,359 Thread 0x00007f3c6c009000 Uncommon trap: reason=unstable_if action=reinterpret pc=0x00007f3c5d2d2b64 method=com.android.dx.util.LabeledList.set(ILcom/android/dx/util/LabeledItem;)V @ 16
Event: 2,518 Thread 0x00007f3c6c152800 Uncommon trap: reason=unstable_if action=reinterpret pc=0x00007f3c5d337460 method=com.android.dx.rop.code.RegisterSpec.equals(ILcom/android/dx/rop/type/TypeBearer;Lcom/android/dx/rop/code/LocalItem;)Z @ 42
Event: 2,526 Thread 0x00007f3c6c166000 Uncommon trap: reason=unstable_if action=reinterpret pc=0x00007f3c5d285990 method=com.android.dx.rop.code.RegisterSpecSet.put(Lcom/android/dx/rop/code/RegisterSpec;)V @ 77
Event: 2,526 Thread 0x00007f3c6c166000 Uncommon trap: reason=unstable_if action=reinterpret pc=0x00007f3c5d306048 method=com.android.dx.rop.code.RegisterSpecSet.put(Lcom/android/dx/rop/code/RegisterSpec;)V @ 77
Event: 2,702 Thread 0x00007f3c6c167800 Uncommon trap: reason=unstable_if action=reinterpret pc=0x00007f3c5d36a790 method=com.android.dx.ssa.SCCP.simulateStmt(Lcom/android/dx/ssa/SsaInsn;)V @ 53
Event: 2,757 Thread 0x00007f3c6c009000 Uncommon trap: reason=unstable_if action=reinterpret pc=0x00007f3c5d389180 method=com.android.dx.rop.cst.StdConstantPool.set(ILcom/android/dx/rop/cst/Constant;)V @ 12

Internal exceptions (3 events):
Event: 0,025 Thread 0x00007f3c6c009000 Exception <a 'java/lang/NoSuchMethodError': Method sun.misc.Unsafe.defineClass(Ljava/lang/String;[BII)Ljava/lang/Class; name or signature does not match> (0x00000000eab12900) thrown at [/HUDSON3/workspace/8-2-build-linux-amd64/jdk8u73/6086/hotspot/src/sha
Event: 0,025 Thread 0x00007f3c6c009000 Exception <a 'java/lang/NoSuchMethodError': Method sun.misc.Unsafe.prefetchRead(Ljava/lang/Object;J)V name or signature does not match> (0x00000000eab12be8) thrown at [/HUDSON3/workspace/8-2-build-linux-amd64/jdk8u73/6086/hotspot/src/share/vm/prims/jni.cp
Event: 1,317 Thread 0x00007f3c6c16c000 Implicit null exception at 0x00007f3c5d26eeb1 to 0x00007f3c5d271625

Events (10 events):
Event: 3,093 Thread 0x00007f3c6c167800 DEOPT UNPACKING pc=0x00007f3c5d047633 sp=0x00007f3c3d2f0918 mode 0
Event: 3,094 Thread 0x00007f3c6c166000 DEOPT PACKING pc=0x00007f3c5d2eea37 sp=0x00007f3c3d3f1e40
Event: 3,094 Thread 0x00007f3c6c166000 DEOPT UNPACKING pc=0x00007f3c5d047633 sp=0x00007f3c3d3f1bd0 mode 0
Event: 3,786 Thread 0x00007f3c6c16c000 DEOPT PACKING pc=0x00007f3c5d3b27ac sp=0x00007f3c3d1f00a0
Event: 3,786 Thread 0x00007f3c6c16c000 DEOPT UNPACKING pc=0x00007f3c5d047633 sp=0x00007f3c3d1efda0 mode 0
Event: 3,794 Thread 0x00007f3c6c16c000 DEOPT PACKING pc=0x00007f3c5d31bb9a sp=0x00007f3c3d1effd0
Event: 3,794 Thread 0x00007f3c6c16c000 DEOPT UNPACKING pc=0x00007f3c5d047633 sp=0x00007f3c3d1efce8 mode 0
Event: 3,796 Thread 0x00007f3c6c167800 DEOPT PACKING pc=0x00007f3c5d2cffed sp=0x00007f3c3d2f0b90
Event: 3,796 Thread 0x00007f3c6c167800 DEOPT UNPACKING pc=0x00007f3c5d047633 sp=0x00007f3c3d2f0918 mode 0
Event: 3,840 Executing VM operation: ParallelGCFailedAllocation


Dynamic libraries:
00400000-00401000 r-xp 00000000 fd:00 411678                             /usr/java/jdk1.8.0_73/bin/java
00600000-00601000 rw-p 00000000 fd:00 411678                             /usr/java/jdk1.8.0_73/bin/java
0204e000-0206f000 rw-p 00000000 00:00 0                                  [heap]
c0000000-c5400000 rw-p 00000000 00:00 0 
c5400000-eab00000 ---p 00000000 00:00 0 
eab00000-ef500000 rw-p 00000000 00:00 0 
f3500000-100000000 ---p 00000000 00:00 0 
100000000-1000a0000 rw-p 00000000 00:00 0 
1000a0000-140000000 ---p 00000000 00:00 0 
7f3bf4000000-7f3bf4021000 rw-p 00000000 00:00 0 
7f3bf4021000-7f3bf8000000 ---p 00000000 00:00 0 
7f3bf8000000-7f3bf8021000 rw-p 00000000 00:00 0 
7f3bf8021000-7f3bfc000000 ---p 00000000 00:00 0 
7f3bfc000000-7f3bfc021000 rw-p 00000000 00:00 0 
7f3bfc021000-7f3c00000000 ---p 00000000 00:00 0 
7f3c00000000-7f3c00031000 rw-p 00000000 00:00 0 
7f3c00031000-7f3c04000000 ---p 00000000 00:00 0 
7f3c04000000-7f3c04021000 rw-p 00000000 00:00 0 
7f3c04021000-7f3c08000000 ---p 00000000 00:00 0 
7f3c08000000-7f3c08041000 rw-p 00000000 00:00 0 
7f3c08041000-7f3c0c000000 ---p 00000000 00:00 0 
7f3c0c000000-7f3c0c610000 rw-p 00000000 00:00 0 
7f3c0c610000-7f3c10000000 ---p 00000000 00:00 0 
7f3c10000000-7f3c10021000 rw-p 00000000 00:00 0 
7f3c10021000-7f3c14000000 ---p 00000000 00:00 0 
7f3c14000000-7f3c1478a000 rw-p 00000000 00:00 0 
7f3c1478a000-7f3c18000000 ---p 00000000 00:00 0 
7f3c18000000-7f3c193c6000 rw-p 00000000 00:00 0 
7f3c193c6000-7f3c1c000000 ---p 00000000 00:00 0 
7f3c1c000000-7f3c1d589000 rw-p 00000000 00:00 0 
7f3c1d589000-7f3c20000000 ---p 00000000 00:00 0 
7f3c2153d000-7f3c28000000 r--p 00000000 fd:00 411877                     /usr/lib/locale/locale-archive
7f3c28000000-7f3c28021000 rw-p 00000000 00:00 0 
7f3c28021000-7f3c2c000000 ---p 00000000 00:00 0 
7f3c2c000000-7f3c2c021000 rw-p 00000000 00:00 0 
7f3c2c021000-7f3c30000000 ---p 00000000 00:00 0 
7f3c30000000-7f3c30296000 rw-p 00000000 00:00 0 
7f3c30296000-7f3c34000000 ---p 00000000 00:00 0 
7f3c34000000-7f3c34021000 rw-p 00000000 00:00 0 
7f3c34021000-7f3c38000000 ---p 00000000 00:00 0 
7f3c38000000-7f3c38021000 rw-p 00000000 00:00 0 
7f3c38021000-7f3c3c000000 ---p 00000000 00:00 0 
7f3c3d0cb000-7f3c3d0f1000 r--p 00000000 fd:00 1077874                    /usr/share/locale/de/LC_MESSAGES/libc.mo
7f3c3d0f1000-7f3c3d0f4000 ---p 00000000 00:00 0 
7f3c3d0f4000-7f3c3d1f2000 rw-p 00000000 00:00 0                          [stack:36741]
7f3c3d1f2000-7f3c3d1f5000 ---p 00000000 00:00 0 
7f3c3d1f5000-7f3c3d2f3000 rw-p 00000000 00:00 0                          [stack:36740]
7f3c3d2f3000-7f3c3d2f6000 ---p 00000000 00:00 0 
7f3c3d2f6000-7f3c3d3f4000 rw-p 00000000 00:00 0                          [stack:36739]
7f3c3d3f4000-7f3c3d3f7000 ---p 00000000 00:00 0 
7f3c3d3f7000-7f3c3d4f5000 rw-p 00000000 00:00 0                          [stack:36738]
7f3c3d4f5000-7f3c3d4f8000 ---p 00000000 00:00 0 
7f3c3d4f8000-7f3c3d5f6000 rw-p 00000000 00:00 0                          [stack:36737]
7f3c3d5f6000-7f3c3d5f7000 ---p 00000000 00:00 0 
7f3c3d5f7000-7f3c3d6f7000 rw-p 00000000 00:00 0                          [stack:36736]
7f3c3d6f7000-7f3c3d6fa000 ---p 00000000 00:00 0 
7f3c3d6fa000-7f3c3d7f8000 rw-p 00000000 00:00 0                          [stack:36735]
7f3c3d7f8000-7f3c3d7fb000 ---p 00000000 00:00 0 
7f3c3d7fb000-7f3c3d8f9000 rw-p 00000000 00:00 0                          [stack:36734]
7f3c3d8f9000-7f3c3d8fc000 ---p 00000000 00:00 0 
7f3c3d8fc000-7f3c3d9fa000 rw-p 00000000 00:00 0                          [stack:36733]
7f3c3d9fa000-7f3c3d9fd000 ---p 00000000 00:00 0 
7f3c3d9fd000-7f3c3dafb000 rw-p 00000000 00:00 0                          [stack:36732]
7f3c3dafb000-7f3c3dafe000 ---p 00000000 00:00 0 
7f3c3dafe000-7f3c3dbfc000 rw-p 00000000 00:00 0                          [stack:36731]
7f3c3dbfc000-7f3c3dbff000 ---p 00000000 00:00 0 
7f3c3dbff000-7f3c3dcfd000 rw-p 00000000 00:00 0                          [stack:36730]
7f3c3dcfd000-7f3c3dd00000 ---p 00000000 00:00 0 
7f3c3dd00000-7f3c3ddfe000 rw-p 00000000 00:00 0                          [stack:36729]
7f3c3ddfe000-7f3c3de01000 ---p 00000000 00:00 0 
7f3c3de01000-7f3c3deff000 rw-p 00000000 00:00 0                          [stack:36728]
7f3c3deff000-7f3c3df00000 ---p 00000000 00:00 0 
7f3c3df00000-7f3c40000000 rw-p 00000000 00:00 0                          [stack:36727]
7f3c40000000-7f3c40021000 rw-p 00000000 00:00 0 
7f3c40021000-7f3c44000000 ---p 00000000 00:00 0 
7f3c44000000-7f3c44021000 rw-p 00000000 00:00 0 
7f3c44021000-7f3c48000000 ---p 00000000 00:00 0 
7f3c48000000-7f3c48021000 rw-p 00000000 00:00 0 
7f3c48021000-7f3c4c000000 ---p 00000000 00:00 0 
7f3c4c000000-7f3c4c021000 rw-p 00000000 00:00 0 
7f3c4c021000-7f3c50000000 ---p 00000000 00:00 0 
7f3c50000000-7f3c50021000 rw-p 00000000 00:00 0 
7f3c50021000-7f3c54000000 ---p 00000000 00:00 0 
7f3c54000000-7f3c54021000 rw-p 00000000 00:00 0 
7f3c54021000-7f3c58000000 ---p 00000000 00:00 0 
7f3c58000000-7f3c58021000 rw-p 00000000 00:00 0 
7f3c58021000-7f3c5c000000 ---p 00000000 00:00 0 
7f3c5c01c000-7f3c5c02b000 r--s 000df000 08:02 270003                     /home/david/bin/android-sdk/build-tools/23.0.3/lib/dx.jar
7f3c5c02b000-7f3c5d000000 rw-p 00000000 00:00 0 
7f3c5d000000-7f3c5d4d0000 rwxp 00000000 00:00 0 
7f3c5d4d0000-7f3c6c000000 ---p 00000000 00:00 0 
7f3c6c000000-7f3c6c39d000 rw-p 00000000 00:00 0 
7f3c6c39d000-7f3c70000000 ---p 00000000 00:00 0 
7f3c7000b000-7f3c70c87000 rw-p 00000000 00:00 0 
7f3c70c87000-7f3c70e5f000 r--s 03cdb000 fd:00 413336                     /usr/java/jdk1.8.0_73/jre/lib/rt.jar
7f3c70e5f000-7f3c71515000 rw-p 00000000 00:00 0 
7f3c71515000-7f3c716d5000 ---p 00000000 00:00 0 
7f3c716d5000-7f3c718d5000 rw-p 00000000 00:00 0 
7f3c718d5000-7f3c718d6000 ---p 00000000 00:00 0 
7f3c718d6000-7f3c719d6000 rw-p 00000000 00:00 0                          [stack:36726]
7f3c719d6000-7f3c719d7000 ---p 00000000 00:00 0 
7f3c719d7000-7f3c71ad7000 rw-p 00000000 00:00 0                          [stack:36725]
7f3c71ad7000-7f3c71ad8000 ---p 00000000 00:00 0 
7f3c71ad8000-7f3c71bd8000 rw-p 00000000 00:00 0                          [stack:36724]
7f3c71bd8000-7f3c71bd9000 ---p 00000000 00:00 0 
7f3c71bd9000-7f3c71cd9000 rw-p 00000000 00:00 0                          [stack:36723]
7f3c71cd9000-7f3c71cda000 ---p 00000000 00:00 0 
7f3c71cda000-7f3c71dda000 rw-p 00000000 00:00 0                          [stack:36722]
7f3c71dda000-7f3c71ddb000 ---p 00000000 00:00 0 
7f3c71ddb000-7f3c71edb000 rw-p 00000000 00:00 0                          [stack:36721]
7f3c71edb000-7f3c71edc000 ---p 00000000 00:00 0 
7f3c71edc000-7f3c71fdc000 rw-p 00000000 00:00 0                          [stack:36720]
7f3c71fdc000-7f3c71fdd000 ---p 00000000 00:00 0 
7f3c71fdd000-7f3c72107000 rw-p 00000000 00:00 0                          [stack:36719]
7f3c72107000-7f3c72233000 ---p 00000000 00:00 0 
7f3c72233000-7f3c7225d000 rw-p 00000000 00:00 0 
7f3c7225d000-7f3c72388000 ---p 00000000 00:00 0 
7f3c72388000-7f3c723ae000 rw-p 00000000 00:00 0 
7f3c723ae000-7f3c72433000 ---p 00000000 00:00 0 
7f3c72433000-7f3c72448000 rw-p 00000000 00:00 0 
7f3c72448000-7f3c727f4000 ---p 00000000 00:00 0 
7f3c727f4000-7f3c7280e000 r-xp 00000000 fd:00 413318                     /usr/java/jdk1.8.0_73/jre/lib/amd64/libzip.so
7f3c7280e000-7f3c72a0e000 ---p 0001a000 fd:00 413318                     /usr/java/jdk1.8.0_73/jre/lib/amd64/libzip.so
7f3c72a0e000-7f3c72a0f000 rw-p 0001a000 fd:00 413318                     /usr/java/jdk1.8.0_73/jre/lib/amd64/libzip.so
7f3c72a0f000-7f3c72a1a000 r-xp 00000000 fd:00 401181                     /usr/lib64/libnss_files-2.22.so
7f3c72a1a000-7f3c72c19000 ---p 0000b000 fd:00 401181                     /usr/lib64/libnss_files-2.22.so
7f3c72c19000-7f3c72c1a000 r--p 0000a000 fd:00 401181                     /usr/lib64/libnss_files-2.22.so
7f3c72c1a000-7f3c72c1b000 rw-p 0000b000 fd:00 401181                     /usr/lib64/libnss_files-2.22.so
7f3c72c1b000-7f3c72c21000 rw-p 00000000 00:00 0 
7f3c72c21000-7f3c72c4b000 r-xp 00000000 fd:00 411827                     /usr/java/jdk1.8.0_73/jre/lib/amd64/libjava.so
7f3c72c4b000-7f3c72e4b000 ---p 0002a000 fd:00 411827                     /usr/java/jdk1.8.0_73/jre/lib/amd64/libjava.so
7f3c72e4b000-7f3c72e4d000 rw-p 0002a000 fd:00 411827                     /usr/java/jdk1.8.0_73/jre/lib/amd64/libjava.so
7f3c72e4d000-7f3c72e5a000 r-xp 00000000 fd:00 413317                     /usr/java/jdk1.8.0_73/jre/lib/amd64/libverify.so
7f3c72e5a000-7f3c7305a000 ---p 0000d000 fd:00 413317                     /usr/java/jdk1.8.0_73/jre/lib/amd64/libverify.so
7f3c7305a000-7f3c7305c000 rw-p 0000d000 fd:00 413317                     /usr/java/jdk1.8.0_73/jre/lib/amd64/libverify.so
7f3c7305c000-7f3c73063000 r-xp 00000000 fd:00 401289                     /usr/lib64/librt-2.22.so
7f3c73063000-7f3c73262000 ---p 00007000 fd:00 401289                     /usr/lib64/librt-2.22.so
7f3c73262000-7f3c73263000 r--p 00006000 fd:00 401289                     /usr/lib64/librt-2.22.so
7f3c73263000-7f3c73264000 rw-p 00007000 fd:00 401289                     /usr/lib64/librt-2.22.so
7f3c73264000-7f3c73365000 r-xp 00000000 fd:00 400807                     /usr/lib64/libm-2.22.so
7f3c73365000-7f3c73564000 ---p 00101000 fd:00 400807                     /usr/lib64/libm-2.22.so
7f3c73564000-7f3c73565000 r--p 00100000 fd:00 400807                     /usr/lib64/libm-2.22.so
7f3c73565000-7f3c73566000 rw-p 00101000 fd:00 400807                     /usr/lib64/libm-2.22.so
7f3c73566000-7f3c74225000 r-xp 00000000 fd:00 413322                     /usr/java/jdk1.8.0_73/jre/lib/amd64/server/libjvm.so
7f3c74225000-7f3c74424000 ---p 00cbf000 fd:00 413322                     /usr/java/jdk1.8.0_73/jre/lib/amd64/server/libjvm.so
7f3c74424000-7f3c744fd000 rw-p 00cbe000 fd:00 413322                     /usr/java/jdk1.8.0_73/jre/lib/amd64/server/libjvm.so
7f3c744fd000-7f3c74546000 rw-p 00000000 00:00 0 
7f3c74546000-7f3c746fd000 r-xp 00000000 fd:00 400661                     /usr/lib64/libc-2.22.so
7f3c746fd000-7f3c748fd000 ---p 001b7000 fd:00 400661                     /usr/lib64/libc-2.22.so
7f3c748fd000-7f3c74901000 r--p 001b7000 fd:00 400661                     /usr/lib64/libc-2.22.so
7f3c74901000-7f3c74903000 rw-p 001bb000 fd:00 400661                     /usr/lib64/libc-2.22.so
7f3c74903000-7f3c74907000 rw-p 00000000 00:00 0 
7f3c74907000-7f3c7490a000 r-xp 00000000 fd:00 400784                     /usr/lib64/libdl-2.22.so
7f3c7490a000-7f3c74b09000 ---p 00003000 fd:00 400784                     /usr/lib64/libdl-2.22.so
7f3c74b09000-7f3c74b0a000 r--p 00002000 fd:00 400784                     /usr/lib64/libdl-2.22.so
7f3c74b0a000-7f3c74b0b000 rw-p 00003000 fd:00 400784                     /usr/lib64/libdl-2.22.so
7f3c74b0b000-7f3c74b20000 r-xp 00000000 fd:00 538000                     /usr/java/jdk1.8.0_73/lib/amd64/jli/libjli.so
7f3c74b20000-7f3c74d20000 ---p 00015000 fd:00 538000                     /usr/java/jdk1.8.0_73/lib/amd64/jli/libjli.so
7f3c74d20000-7f3c74d21000 rw-p 00015000 fd:00 538000                     /usr/java/jdk1.8.0_73/lib/amd64/jli/libjli.so
7f3c74d21000-7f3c74d39000 r-xp 00000000 fd:00 401185                     /usr/lib64/libpthread-2.22.so
7f3c74d39000-7f3c74f38000 ---p 00018000 fd:00 401185                     /usr/lib64/libpthread-2.22.so
7f3c74f38000-7f3c74f39000 r--p 00017000 fd:00 401185                     /usr/lib64/libpthread-2.22.so
7f3c74f39000-7f3c74f3a000 rw-p 00018000 fd:00 401185                     /usr/lib64/libpthread-2.22.so
7f3c74f3a000-7f3c74f3e000 rw-p 00000000 00:00 0 
7f3c74f3e000-7f3c74f5f000 r-xp 00000000 fd:00 411846                     /usr/lib64/ld-2.22.so
7f3c74f67000-7f3c75040000 rw-p 00000000 00:00 0 
7f3c75040000-7f3c75043000 ---p 00000000 00:00 0 
7f3c75043000-7f3c75146000 rw-p 00000000 00:00 0                          [stack:36718]
7f3c75146000-7f3c7514d000 r--s 00000000 fd:00 657352                     /usr/lib64/gconv/gconv-modules.cache
7f3c7514d000-7f3c75153000 r--s 00041000 08:02 2237572                    /home/david/openhab_android/BootstrapOpenhabNodes/app/build/intermediates/exploded-aar/com.android.support/design/23.3.0/jars/classes.jar
7f3c75153000-7f3c7515b000 rw-s 00000000 00:28 1611069                    /tmp/hsperfdata_david/36714
7f3c7515b000-7f3c7515c000 rw-p 00000000 00:00 0 
7f3c7515c000-7f3c7515d000 ---p 00000000 00:00 0 
7f3c7515d000-7f3c7515e000 rw-p 00000000 00:00 0 
7f3c7515e000-7f3c7515f000 r--p 00020000 fd:00 411846                     /usr/lib64/ld-2.22.so
7f3c7515f000-7f3c75160000 rw-p 00021000 fd:00 411846                     /usr/lib64/ld-2.22.so
7f3c75160000-7f3c75161000 rw-p 00000000 00:00 0 
7fff4724a000-7fff4726b000 rw-p 00000000 00:00 0                          [stack]
7fff4737a000-7fff4737c000 r--p 00000000 00:00 0                          [vvar]
7fff4737c000-7fff4737e000 r-xp 00000000 00:00 0                          [vdso]
ffffffffff600000-ffffffffff601000 r-xp 00000000 00:00 0                  [vsyscall]

VM Arguments:
jvm_args: -Djava.awt.headless=true -Xmx1024M -Dfile.encoding=UTF-8 -Duser.country=DE -Duser.language=de -Duser.variant 
java_command: com.android.dx.command.Main --dex --force-jumbo --num-threads=4 --multi-dex --output /home/david/openhab_android/BootstrapOpenhabNodes/app/build/intermediates/transforms/dex/debug/folders/1000/10/com.android.support-design-23.3.0_772b06d58de467603f1e2a6ea3f0935da21d5ad1 /home/david/openhab_android/BootstrapOpenhabNodes/app/build/intermediates/exploded-aar/com.android.support/design/23.3.0/jars/classes.jar
java_class_path (initial): /home/david/bin/android-sdk/build-tools/23.0.3/lib/dx.jar
Launcher Type: SUN_STANDARD

Environment Variables:
PATH=/usr/lib64/qt-3.3/bin:/home/david/.rvm/gems/ruby-2.1.6/bin:/home/david/.rvm/gems/ruby-2.1.6@global/bin:/home/david/.rvm/rubies/ruby-2.1.6/bin:/usr/local/bin:/usr/local/sbin:/usr/bin:/usr/sbin:/home/david/.rvm/bin:/home/david/.rvm/bin:/home/david/.rvm/gems/ruby-2.1.6/bin:/home/david/.rvm/gems/ruby-2.1.6@global/bin:/home/david/.rvm/rubies/ruby-2.1.6/bin:/home/david/.local/bin:/home/david/bin:/home/david/bin/android-sdk/platform-tools
USERNAME=david
LD_LIBRARY_PATH=/home/david/bin/android-studio/bin:
SHELL=/bin/bash
DISPLAY=:0

Signal Handlers:
SIGSEGV: [libjvm.so+0xabafa0], sa_mask[0]=11111111011111111101111111111110, sa_flags=SA_RESTART|SA_SIGINFO
SIGBUS: [libjvm.so+0xabafa0], sa_mask[0]=11111111011111111101111111111110, sa_flags=SA_RESTART|SA_SIGINFO
SIGFPE: [libjvm.so+0x9183c0], sa_mask[0]=11111111011111111101111111111110, sa_flags=SA_RESTART|SA_SIGINFO
SIGPIPE: [libjvm.so+0x9183c0], sa_mask[0]=11111111011111111101111111111110, sa_flags=SA_RESTART|SA_SIGINFO
SIGXFSZ: [libjvm.so+0x9183c0], sa_mask[0]=11111111011111111101111111111110, sa_flags=SA_RESTART|SA_SIGINFO
SIGILL: [libjvm.so+0x9183c0], sa_mask[0]=11111111011111111101111111111110, sa_flags=SA_RESTART|SA_SIGINFO
SIGUSR1: SIG_DFL, sa_mask[0]=00000000000000000000000000000000, sa_flags=none
SIGUSR2: [libjvm.so+0x9199f0], sa_mask[0]=00100000000000000000000000000000, sa_flags=SA_RESTART|SA_SIGINFO
SIGHUP: [libjvm.so+0x91adf0], sa_mask[0]=11111111011111111101111111111110, sa_flags=SA_RESTART|SA_SIGINFO
SIGINT: [libjvm.so+0x91adf0], sa_mask[0]=11111111011111111101111111111110, sa_flags=SA_RESTART|SA_SIGINFO
SIGTERM: [libjvm.so+0x91adf0], sa_mask[0]=11111111011111111101111111111110, sa_flags=SA_RESTART|SA_SIGINFO
SIGQUIT: [libjvm.so+0x91adf0], sa_mask[0]=11111111011111111101111111111110, sa_flags=SA_RESTART|SA_SIGINFO


---------------  S Y S T E M  ---------------

OS:Fedora release 23 (Twenty Three)

uname:Linux 4.4.7-300.fc23.x86_64 #1 SMP Wed Apr 13 02:52:52 UTC 2016 x86_64
libc:glibc 2.22 NPTL 2.22 
rlimit: STACK 8192k, CORE 0k, NPROC 31584, NOFILE 4096, AS infinity
load average:7,09 2,15 1,27

/proc/meminfo:
MemTotal:        8157388 kB
MemFree:           68156 kB
MemAvailable:     130504 kB
Buffers:            1416 kB
Cached:           711768 kB
SwapCached:            0 kB
Active:          4073484 kB
Inactive:         701256 kB
Active(anon):    4068924 kB
Inactive(anon):   648552 kB
Active(file):       4560 kB
Inactive(file):    52704 kB
Unevictable:         256 kB
Mlocked:             256 kB
SwapTotal:             0 kB
SwapFree:              0 kB
Dirty:               532 kB
Writeback:          9048 kB
AnonPages:       4064032 kB
Mapped:            62004 kB
Shmem:            653824 kB
Slab:             169360 kB
SReclaimable:      47588 kB
SUnreclaim:       121772 kB
KernelStack:       17424 kB
PageTables:        60520 kB
NFS_Unstable:          0 kB
Bounce:                0 kB
WritebackTmp:          0 kB
CommitLimit:     4078692 kB
Committed_AS:   10278372 kB
VmallocTotal:   34359738367 kB
VmallocUsed:           0 kB
VmallocChunk:          0 kB
HardwareCorrupted:     0 kB
AnonHugePages:         0 kB
CmaTotal:              0 kB
CmaFree:               0 kB
HugePages_Total:       0
HugePages_Free:        0
HugePages_Rsvd:        0
HugePages_Surp:        0
Hugepagesize:       2048 kB
DirectMap4k:      667040 kB
DirectMap2M:     7720960 kB
DirectMap1G:     2097152 kB


CPU:total 8 (8 cores per cpu, 1 threads per core) family 6 model 60 stepping 3, cmov, cx8, fxsr, mmx, sse, sse2, sse3, ssse3, sse4.1, sse4.2, popcnt, avx, avx2, aes, clmul, erms, lzcnt, tsc, tscinvbit, bmi1, bmi2

/proc/cpuinfo:
processor	: 0
vendor_id	: GenuineIntel
cpu family	: 6
model		: 60
model name	: Intel(R) Core(TM) i7-4770 CPU @ 3.40GHz
stepping	: 3
microcode	: 0x1e
cpu MHz		: 3400.015
cache size	: 8192 KB
physical id	: 0
siblings	: 8
core id		: 0
cpu cores	: 8
apicid		: 0
initial apicid	: 0
fpu		: yes
fpu_exception	: yes
cpuid level	: 13
wp		: yes
flags		: fpu vme de pse tsc msr pae mce cx8 apic sep mtrr pge mca cmov pat pse36 clflush dts mmx fxsr sse sse2 ss ht syscall nx pdpe1gb rdtscp lm constant_tsc arch_perfmon pebs bts nopl xtopology tsc_reliable nonstop_tsc aperfmperf eagerfpu pni pclmulqdq ssse3 fma cx16 pcid sse4_1 sse4_2 x2apic movbe popcnt tsc_deadline_timer aes xsave avx f16c rdrand hypervisor lahf_lm abm ida arat pln pts dtherm fsgsbase tsc_adjust bmi1 avx2 smep bmi2 invpcid xsaveopt
bugs		:
bogomips	: 6800.03
clflush size	: 64
cache_alignment	: 64
address sizes	: 42 bits physical, 48 bits virtual
power management:

processor	: 1
vendor_id	: GenuineIntel
cpu family	: 6
model		: 60
model name	: Intel(R) Core(TM) i7-4770 CPU @ 3.40GHz
stepping	: 3
microcode	: 0x1e
cpu MHz		: 3400.015
cache size	: 8192 KB
physical id	: 0
siblings	: 8
core id		: 1
cpu cores	: 8
apicid		: 1
initial apicid	: 1
fpu		: yes
fpu_exception	: yes
cpuid level	: 13
wp		: yes
flags		: fpu vme de pse tsc msr pae mce cx8 apic sep mtrr pge mca cmov pat pse36 clflush dts mmx fxsr sse sse2 ss ht syscall nx pdpe1gb rdtscp lm constant_tsc arch_perfmon pebs bts nopl xtopology tsc_reliable nonstop_tsc aperfmperf eagerfpu pni pclmulqdq ssse3 fma cx16 pcid sse4_1 sse4_2 x2apic movbe popcnt tsc_deadline_timer aes xsave avx f16c rdrand hypervisor lahf_lm abm ida arat pln pts dtherm fsgsbase tsc_adjust bmi1 avx2 smep bmi2 invpcid xsaveopt
bugs		:
bogomips	: 6800.03
clflush size	: 64
cache_alignment	: 64
address sizes	: 42 bits physical, 48 bits virtual
power management:

processor	: 2
vendor_id	: GenuineIntel
cpu family	: 6
model		: 60
model name	: Intel(R) Core(TM) i7-4770 CPU @ 3.40GHz
stepping	: 3
microcode	: 0x1e
cpu MHz		: 3400.015
cache size	: 8192 KB
physical id	: 0
siblings	: 8
core id		: 2
cpu cores	: 8
apicid		: 2
initial apicid	: 2
fpu		: yes
fpu_exception	: yes
cpuid level	: 13
wp		: yes
flags		: fpu vme de pse tsc msr pae mce cx8 apic sep mtrr pge mca cmov pat pse36 clflush dts mmx fxsr sse sse2 ss ht syscall nx pdpe1gb rdtscp lm constant_tsc arch_perfmon pebs bts nopl xtopology tsc_reliable nonstop_tsc aperfmperf eagerfpu pni pclmulqdq ssse3 fma cx16 pcid sse4_1 sse4_2 x2apic movbe popcnt tsc_deadline_timer aes xsave avx f16c rdrand hypervisor lahf_lm abm ida arat pln pts dtherm fsgsbase tsc_adjust bmi1 avx2 smep bmi2 invpcid xsaveopt
bugs		:
bogomips	: 6800.03
clflush size	: 64
cache_alignment	: 64
address sizes	: 42 bits physical, 48 bits virtual
power management:

processor	: 3
vendor_id	: GenuineIntel
cpu family	: 6
model		: 60
model name	: Intel(R) Core(TM) i7-4770 CPU @ 3.40GHz
stepping	: 3
microcode	: 0x1e
cpu MHz		: 3400.015
cache size	: 8192 KB
physical id	: 0
siblings	: 8
core id		: 3
cpu cores	: 8
apicid		: 3
initial apicid	: 3
fpu		: yes
fpu_exception	: yes
cpuid level	: 13
wp		: yes
flags		: fpu vme de pse tsc msr pae mce cx8 apic sep mtrr pge mca cmov pat pse36 clflush dts mmx fxsr sse sse2 ss ht syscall nx pdpe1gb rdtscp lm constant_tsc arch_perfmon pebs bts nopl xtopology tsc_reliable nonstop_tsc aperfmperf eagerfpu pni pclmulqdq ssse3 fma cx16 pcid sse4_1 sse4_2 x2apic movbe popcnt tsc_deadline_timer aes xsave avx f16c rdrand hypervisor lahf_lm abm ida arat pln pts dtherm fsgsbase tsc_adjust bmi1 avx2 smep bmi2 invpcid xsaveopt
bugs		:
bogomips	: 6800.03
clflush size	: 64
cache_alignment	: 64
address sizes	: 42 bits physical, 48 bits virtual
power management:

processor	: 4
vendor_id	: GenuineIntel
cpu family	: 6
model		: 60
model name	: Intel(R) Core(TM) i7-4770 CPU @ 3.40GHz
stepping	: 3
microcode	: 0x1e
cpu MHz		: 3400.015
cache size	: 8192 KB
physical id	: 0
siblings	: 8
core id		: 4
cpu cores	: 8
apicid		: 4
initial apicid	: 4
fpu		: yes
fpu_exception	: yes
cpuid level	: 13
wp		: yes
flags		: fpu vme de pse tsc msr pae mce cx8 apic sep mtrr pge mca cmov pat pse36 clflush dts mmx fxsr sse sse2 ss ht syscall nx pdpe1gb rdtscp lm constant_tsc arch_perfmon pebs bts nopl xtopology tsc_reliable nonstop_tsc aperfmperf eagerfpu pni pclmulqdq ssse3 fma cx16 pcid sse4_1 sse4_2 x2apic movbe popcnt tsc_deadline_timer aes xsave avx f16c rdrand hypervisor lahf_lm abm ida arat pln pts dtherm fsgsbase tsc_adjust bmi1 avx2 smep bmi2 invpcid xsaveopt
bugs		:
bogomips	: 6800.03
clflush size	: 64
cache_alignment	: 64
address sizes	: 42 bits physical, 48 bits virtual
power management:

processor	: 5
vendor_id	: GenuineIntel
cpu family	: 6
model		: 60
model name	: Intel(R) Core(TM) i7-4770 CPU @ 3.40GHz
stepping	: 3
microcode	: 0x1e
cpu MHz		: 3400.015
cache size	: 8192 KB
physical id	: 0
siblings	: 8
core id		: 5
cpu cores	: 8
apicid		: 5
initial apicid	: 5
fpu		: yes
fpu_exception	: yes
cpuid level	: 13
wp		: yes
flags		: fpu vme de pse tsc msr pae mce cx8 apic sep mtrr pge mca cmov pat pse36 clflush dts mmx fxsr sse sse2 ss ht syscall nx pdpe1gb rdtscp lm constant_tsc arch_perfmon pebs bts nopl xtopology tsc_reliable nonstop_tsc aperfmperf eagerfpu pni pclmulqdq ssse3 fma cx16 pcid sse4_1 sse4_2 x2apic movbe popcnt tsc_deadline_timer aes xsave avx f16c rdrand hypervisor lahf_lm abm ida arat pln pts dtherm fsgsbase tsc_adjust bmi1 avx2 smep bmi2 invpcid xsaveopt
bugs		:
bogomips	: 6800.03
clflush size	: 64
cache_alignment	: 64
address sizes	: 42 bits physical, 48 bits virtual
power management:

processor	: 6
vendor_id	: GenuineIntel
cpu family	: 6
model		: 60
model name	: Intel(R) Core(TM) i7-4770 CPU @ 3.40GHz
stepping	: 3
microcode	: 0x1e
cpu MHz		: 3400.015
cache size	: 8192 KB
physical id	: 0
siblings	: 8
core id		: 6
cpu cores	: 8
apicid		: 6
initial apicid	: 6
fpu		: yes
fpu_exception	: yes
cpuid level	: 13
wp		: yes
flags		: fpu vme de pse tsc msr pae mce cx8 apic sep mtrr pge mca cmov pat pse36 clflush dts mmx fxsr sse sse2 ss ht syscall nx pdpe1gb rdtscp lm constant_tsc arch_perfmon pebs bts nopl xtopology tsc_reliable nonstop_tsc aperfmperf eagerfpu pni pclmulqdq ssse3 fma cx16 pcid sse4_1 sse4_2 x2apic movbe popcnt tsc_deadline_timer aes xsave avx f16c rdrand hypervisor lahf_lm abm ida arat pln pts dtherm fsgsbase tsc_adjust bmi1 avx2 smep bmi2 invpcid xsaveopt
bugs		:
bogomips	: 6800.03
clflush size	: 64
cache_alignment	: 64
address sizes	: 42 bits physical, 48 bits virtual
power management:

processor	: 7
vendor_id	: GenuineIntel
cpu family	: 6
model		: 60
model name	: Intel(R) Core(TM) i7-4770 CPU @ 3.40GHz
stepping	: 3
microcode	: 0x1e
cpu MHz		: 3400.015
cache size	: 8192 KB
physical id	: 0
siblings	: 8
core id		: 7
cpu cores	: 8
apicid		: 7
initial apicid	: 7
fpu		: yes
fpu_exception	: yes
cpuid level	: 13
wp		: yes
flags		: fpu vme de pse tsc msr pae mce cx8 apic sep mtrr pge mca cmov pat pse36 clflush dts mmx fxsr sse sse2 ss ht syscall nx pdpe1gb rdtscp lm constant_tsc arch_perfmon pebs bts nopl xtopology tsc_reliable nonstop_tsc aperfmperf eagerfpu pni pclmulqdq ssse3 fma cx16 pcid sse4_1 sse4_2 x2apic movbe popcnt tsc_deadline_timer aes xsave avx f16c rdrand hypervisor lahf_lm abm ida arat pln pts dtherm fsgsbase tsc_adjust bmi1 avx2 smep bmi2 invpcid xsaveopt
bugs		:
bogomips	: 6800.03
clflush size	: 64
cache_alignment	: 64
address sizes	: 42 bits physical, 48 bits virtual
power management:



Memory: 4k page, physical 8157388k(68156k free), swap 0k(0k free)

vm_info: Java HotSpot(TM) 64-Bit Server VM (25.73-b02) for linux-amd64 JRE (1.8.0_73-b02), built on Jan 29 2016 17:39:45 by "java_re" with gcc 4.3.0 20080428 (Red Hat 4.3.0-8)

time: Mon Apr 25 18:18:11 2016
elapsed time: 6 seconds (0d 0h 0m 6s)

