#
# There is insufficient memory for the Java Runtime Environment to continue.
# Native memory allocation (mmap) failed to map 174063616 bytes for committing reserved memory.
# Possible reasons:
#   The system is out of physical RAM or swap space
#   In 32 bit mode, the process size limit was hit
# Possible solutions:
#   Reduce memory load on the system
#   Increase physical memory or swap space
#   Check if swap backing store is full
#   Use 64 bit Java on a 64 bit OS
#   Decrease Java heap size (-Xmx/-Xms)
#   Decrease number of Java threads
#   Decrease Java thread stack sizes (-Xss)
#   Set larger code cache with -XX:ReservedCodeCacheSize=
# This output file may be truncated or incomplete.
#
#  Out of Memory Error (os_linux.cpp:2627), pid=36613, tid=139702012135168
#
# JRE version: Java(TM) SE Runtime Environment (8.0_73-b02) (build 1.8.0_73-b02)
# Java VM: Java HotSpot(TM) 64-Bit Server VM (25.73-b02 mixed mode linux-amd64 compressed oops)
# Failed to write core dump. Core dumps have been disabled. To enable core dumping, try "ulimit -c unlimited" before starting Java again
#

---------------  T H R E A D  ---------------

Current thread (0x00007f0f1c07f000):  VMThread [stack: 0x00007f0ee8bec000,0x00007f0ee8ced000] [id=36657]

Stack: [0x00007f0ee8bec000,0x00007f0ee8ced000],  sp=0x00007f0ee8ceb0a0,  free space=1020k
Native frames: (J=compiled Java code, j=interpreted, Vv=VM code, C=native code)
V  [libjvm.so+0xaba71a]  VMError::report_and_die()+0x2ba
V  [libjvm.so+0x4f9ecb]  report_vm_out_of_memory(char const*, int, unsigned long, VMErrorType, char const*)+0x8b
V  [libjvm.so+0x91b553]  os::Linux::commit_memory_impl(char*, unsigned long, bool)+0x103
V  [libjvm.so+0x91baa9]  os::pd_commit_memory(char*, unsigned long, unsigned long, bool)+0x29
V  [libjvm.so+0x915dba]  os::commit_memory(char*, unsigned long, unsigned long, bool)+0x2a
V  [libjvm.so+0x989463]  PSVirtualSpace::expand_by(unsigned long)+0x53
V  [libjvm.so+0x98a868]  PSYoungGen::resize_generation(unsigned long, unsigned long)+0xf8
V  [libjvm.so+0x9899c2]  PSYoungGen::resize(unsigned long, unsigned long)+0x22
V  [libjvm.so+0x986c9b]  PSScavenge::invoke_no_policy()+0xf3b
V  [libjvm.so+0x987421]  PSScavenge::invoke()+0x41
V  [libjvm.so+0x93f1b0]  ParallelScavengeHeap::failed_mem_allocate(unsigned long)+0x70
V  [libjvm.so+0xabc137]  VM_ParallelGCFailedAllocation::doit()+0x97
V  [libjvm.so+0xac3b65]  VM_Operation::evaluate()+0x55
V  [libjvm.so+0xac1f3a]  VMThread::evaluate_operation(VM_Operation*)+0xba
V  [libjvm.so+0xac22be]  VMThread::loop()+0x1ce
V  [libjvm.so+0xac2730]  VMThread::run()+0x70
V  [libjvm.so+0x91d918]  java_start(Thread*)+0x108

VM_Operation (0x00007f0ed5439de0): ParallelGCFailedAllocation, mode: safepoint, requested by thread 0x00007f0f1c186800


---------------  P R O C E S S  ---------------

Java Threads: ( => current thread )
  0x00007f0f1c188800 JavaThread "pool-2-thread-4" [_thread_blocked, id=36712, stack(0x00007f0ed523a000,0x00007f0ed533b000)]
  0x00007f0f1c186800 JavaThread "pool-2-thread-3" [_thread_blocked, id=36711, stack(0x00007f0ed533b000,0x00007f0ed543c000)]
  0x00007f0f1c185800 JavaThread "pool-2-thread-2" [_thread_blocked, id=36710, stack(0x00007f0ed543c000,0x00007f0ed553d000)]
  0x00007f0f1c184000 JavaThread "pool-3-thread-1" [_thread_blocked, id=36709, stack(0x00007f0ee80e1000,0x00007f0ee81e2000)]
  0x00007f0f1c182000 JavaThread "pool-2-thread-1" [_thread_blocked, id=36708, stack(0x00007f0ee81e2000,0x00007f0ee82e3000)]
  0x00007f0f1c0cb000 JavaThread "Service Thread" daemon [_thread_blocked, id=36690, stack(0x00007f0ee83e4000,0x00007f0ee84e5000)]
  0x00007f0f1c0c6000 JavaThread "C1 CompilerThread3" daemon [_thread_blocked, id=36689, stack(0x00007f0ee84e5000,0x00007f0ee85e6000)]
  0x00007f0f1c0c4800 JavaThread "C2 CompilerThread2" daemon [_thread_blocked, id=36688, stack(0x00007f0ee85e6000,0x00007f0ee86e7000)]
  0x00007f0f1c0c2800 JavaThread "C2 CompilerThread1" daemon [_thread_blocked, id=36681, stack(0x00007f0ee86e7000,0x00007f0ee87e8000)]
  0x00007f0f1c0bf800 JavaThread "C2 CompilerThread0" daemon [_thread_blocked, id=36673, stack(0x00007f0ee87e8000,0x00007f0ee88e9000)]
  0x00007f0f1c0be800 JavaThread "Signal Dispatcher" daemon [_thread_blocked, id=36670, stack(0x00007f0ee88e9000,0x00007f0ee89ea000)]
  0x00007f0f1c086000 JavaThread "Finalizer" daemon [_thread_blocked, id=36663, stack(0x00007f0ee89ea000,0x00007f0ee8aeb000)]
  0x00007f0f1c084000 JavaThread "Reference Handler" daemon [_thread_blocked, id=36659, stack(0x00007f0ee8aeb000,0x00007f0ee8bec000)]
  0x00007f0f1c009000 JavaThread "main" [_thread_blocked, id=36621, stack(0x00007f0f23d15000,0x00007f0f23e16000)]

Other Threads:
=>0x00007f0f1c07f000 VMThread [stack: 0x00007f0ee8bec000,0x00007f0ee8ced000] [id=36657]
  0x00007f0f1c0ce000 WatcherThread [stack: 0x00007f0ee82e3000,0x00007f0ee83e4000] [id=36691]

VM state:at safepoint (normal execution)

VM Mutex/Monitor currently owned by a thread:  ([mutex/lock_event])
[0x00007f0f1c006510] Threads_lock - owner thread: 0x00007f0f1c07f000
[0x00007f0f1c006a10] Heap_lock - owner thread: 0x00007f0f1c186800

Heap:
 PSYoungGen      total 136192K, used 5119K [0x00000000eab00000, 0x00000000f3500000, 0x0000000100000000)
  eden space 131072K, 0% used [0x00000000eab00000,0x00000000eab00000,0x00000000f2b00000)
  from space 5120K, 99% used [0x00000000f2b00000,0x00000000f2fffd80,0x00000000f3000000)
  to   space 5120K, 0% used [0x00000000f3000000,0x00000000f3000000,0x00000000f3500000)
 ParOldGen       total 86016K, used 41296K [0x00000000c0000000, 0x00000000c5400000, 0x00000000eab00000)
  object space 86016K, 48% used [0x00000000c0000000,0x00000000c2854270,0x00000000c5400000)
 Metaspace       used 6224K, capacity 7128K, committed 7424K, reserved 1056768K
  class space    used 612K, capacity 656K, committed 768K, reserved 1048576K

Card table byte_map: [0x00007f0f20f08000,0x00007f0f21109000] byte_map_base: 0x00007f0f20908000

Marking Bits: (ParMarkBitMap*) 0x00007f0f231f0100
 Begin Bits: [0x00007f0eea000000, 0x00007f0eeb000000)
 End Bits:   [0x00007f0eeb000000, 0x00007f0eec000000)

Polling page: 0x00007f0f23e31000

CodeCache: size=245760Kb used=6552Kb max_used=6566Kb free=239207Kb
 bounds [0x00007f0f0d000000, 0x00007f0f0d670000, 0x00007f0f1c000000]
 total_blobs=2008 nmethods=1740 adapters=182
 compilation: enabled

Compilation events (10 events):
Event: 4,732 Thread 0x00007f0f1c0c6000 nmethod 1891 0x00007f0f0d664790 code [0x00007f0f0d664a80, 0x00007f0f0d6658d8]
Event: 4,732 Thread 0x00007f0f1c0c6000 1892       2       com.android.dx.ssa.back.FirstFitLocalCombiningAllocator::getLocalItemForReg (97 bytes)
Event: 6,046 Thread 0x00007f0f1c0c6000 nmethod 1892 0x00007f0f0d666910 code [0x00007f0f0d666b00, 0x00007f0f0d667018]
Event: 7,028 Thread 0x00007f0f1c0c6000 1893  s    2       com.android.dx.dex.file.TypeIdsSection::intern (60 bytes)
Event: 7,120 Thread 0x00007f0f1c0c2800 nmethod 1739 0x00007f0f0d66a290 code [0x00007f0f0d66a520, 0x00007f0f0d66bca8]
Event: 7,120 Thread 0x00007f0f1c0c2800 1880       4       java.util.HashMap::getNode (148 bytes)
Event: 7,133 Thread 0x00007f0f1c0c2800 nmethod 1880 0x00007f0f0d6683d0 code [0x00007f0f0d668540, 0x00007f0f0d668768]
Event: 7,133 Thread 0x00007f0f1c0c2800 1899       4       com.android.dx.util.IntList::binarysearch (124 bytes)
Event: 7,148 Thread 0x00007f0f1c0c2800 nmethod 1899 0x00007f0f0d667f50 code [0x00007f0f0d6680a0, 0x00007f0f0d668258]
Event: 7,148 Thread 0x00007f0f1c0c2800 1701       4       com.android.dx.ssa.SCCP::simulateBlock (54 bytes)

GC Heap History (9 events):
Event: 1,072 GC heap before
{Heap before GC invocations=1 (full 0):
 PSYoungGen      total 37888K, used 32768K [0x00000000eab00000, 0x00000000ed500000, 0x0000000100000000)
  eden space 32768K, 100% used [0x00000000eab00000,0x00000000ecb00000,0x00000000ecb00000)
  from space 5120K, 0% used [0x00000000ed000000,0x00000000ed000000,0x00000000ed500000)
  to   space 5120K, 0% used [0x00000000ecb00000,0x00000000ecb00000,0x00000000ed000000)
 ParOldGen       total 86016K, used 0K [0x00000000c0000000, 0x00000000c5400000, 0x00000000eab00000)
  object space 86016K, 0% used [0x00000000c0000000,0x00000000c0000000,0x00000000c5400000)
 Metaspace       used 5799K, capacity 6832K, committed 7040K, reserved 1056768K
  class space    used 591K, capacity 616K, committed 640K, reserved 1048576K
Event: 1,204 GC heap after
Heap after GC invocations=1 (full 0):
 PSYoungGen      total 37888K, used 5116K [0x00000000eab00000, 0x00000000ef500000, 0x0000000100000000)
  eden space 32768K, 0% used [0x00000000eab00000,0x00000000eab00000,0x00000000ecb00000)
  from space 5120K, 99% used [0x00000000ecb00000,0x00000000ecfff050,0x00000000ed000000)
  to   space 5120K, 0% used [0x00000000ef000000,0x00000000ef000000,0x00000000ef500000)
 ParOldGen       total 86016K, used 1333K [0x00000000c0000000, 0x00000000c5400000, 0x00000000eab00000)
  object space 86016K, 1% used [0x00000000c0000000,0x00000000c014d650,0x00000000c5400000)
 Metaspace       used 5799K, capacity 6832K, committed 7040K, reserved 1056768K
  class space    used 591K, capacity 616K, committed 640K, reserved 1048576K
}
Event: 1,535 GC heap before
{Heap before GC invocations=2 (full 0):
 PSYoungGen      total 37888K, used 37884K [0x00000000eab00000, 0x00000000ef500000, 0x0000000100000000)
  eden space 32768K, 100% used [0x00000000eab00000,0x00000000ecb00000,0x00000000ecb00000)
  from space 5120K, 99% used [0x00000000ecb00000,0x00000000ecfff050,0x00000000ed000000)
  to   space 5120K, 0% used [0x00000000ef000000,0x00000000ef000000,0x00000000ef500000)
 ParOldGen       total 86016K, used 1333K [0x00000000c0000000, 0x00000000c5400000, 0x00000000eab00000)
  object space 86016K, 1% used [0x00000000c0000000,0x00000000c014d650,0x00000000c5400000)
 Metaspace       used 5884K, capacity 6896K, committed 7040K, reserved 1056768K
  class space    used 592K, capacity 616K, committed 640K, reserved 1048576K
Event: 1,559 GC heap after
Heap after GC invocations=2 (full 0):
 PSYoungGen      total 70656K, used 5115K [0x00000000eab00000, 0x00000000ef500000, 0x0000000100000000)
  eden space 65536K, 0% used [0x00000000eab00000,0x00000000eab00000,0x00000000eeb00000)
  from space 5120K, 99% used [0x00000000ef000000,0x00000000ef4fefa0,0x00000000ef500000)
  to   space 5120K, 0% used [0x00000000eeb00000,0x00000000eeb00000,0x00000000ef000000)
 ParOldGen       total 86016K, used 5601K [0x00000000c0000000, 0x00000000c5400000, 0x00000000eab00000)
  object space 86016K, 6% used [0x00000000c0000000,0x00000000c0578438,0x00000000c5400000)
 Metaspace       used 5884K, capacity 6896K, committed 7040K, reserved 1056768K
  class space    used 592K, capacity 616K, committed 640K, reserved 1048576K
}
Event: 2,907 GC heap before
{Heap before GC invocations=3 (full 0):
 PSYoungGen      total 70656K, used 70651K [0x00000000eab00000, 0x00000000ef500000, 0x0000000100000000)
  eden space 65536K, 100% used [0x00000000eab00000,0x00000000eeb00000,0x00000000eeb00000)
  from space 5120K, 99% used [0x00000000ef000000,0x00000000ef4fefa0,0x00000000ef500000)
  to   space 5120K, 0% used [0x00000000eeb00000,0x00000000eeb00000,0x00000000ef000000)
 ParOldGen       total 86016K, used 5601K [0x00000000c0000000, 0x00000000c5400000, 0x00000000eab00000)
  object space 86016K, 6% used [0x00000000c0000000,0x00000000c0578438,0x00000000c5400000)
 Metaspace       used 6007K, capacity 6936K, committed 7168K, reserved 1056768K
  class space    used 612K, capacity 656K, committed 768K, reserved 1048576K
Event: 2,983 GC heap after
Heap after GC invocations=3 (full 0):
 PSYoungGen      total 70656K, used 5119K [0x00000000eab00000, 0x00000000f3500000, 0x0000000100000000)
  eden space 65536K, 0% used [0x00000000eab00000,0x00000000eab00000,0x00000000eeb00000)
  from space 5120K, 99% used [0x00000000eeb00000,0x00000000eefffc20,0x00000000ef000000)
  to   space 5120K, 0% used [0x00000000f3000000,0x00000000f3000000,0x00000000f3500000)
 ParOldGen       total 86016K, used 15087K [0x00000000c0000000, 0x00000000c5400000, 0x00000000eab00000)
  object space 86016K, 17% used [0x00000000c0000000,0x00000000c0ebbdd8,0x00000000c5400000)
 Metaspace       used 6007K, capacity 6936K, committed 7168K, reserved 1056768K
  class space    used 612K, capacity 656K, committed 768K, reserved 1048576K
}
Event: 3,612 GC heap before
{Heap before GC invocations=4 (full 0):
 PSYoungGen      total 70656K, used 70655K [0x00000000eab00000, 0x00000000f3500000, 0x0000000100000000)
  eden space 65536K, 100% used [0x00000000eab00000,0x00000000eeb00000,0x00000000eeb00000)
  from space 5120K, 99% used [0x00000000eeb00000,0x00000000eefffc20,0x00000000ef000000)
  to   space 5120K, 0% used [0x00000000f3000000,0x00000000f3000000,0x00000000f3500000)
 ParOldGen       total 86016K, used 15087K [0x00000000c0000000, 0x00000000c5400000, 0x00000000eab00000)
  object space 86016K, 17% used [0x00000000c0000000,0x00000000c0ebbdd8,0x00000000c5400000)
 Metaspace       used 6183K, capacity 7128K, committed 7424K, reserved 1056768K
  class space    used 612K, capacity 656K, committed 768K, reserved 1048576K
Event: 4,325 GC heap after
Heap after GC invocations=4 (full 0):
 PSYoungGen      total 136192K, used 5097K [0x00000000eab00000, 0x00000000f3500000, 0x0000000100000000)
  eden space 131072K, 0% used [0x00000000eab00000,0x00000000eab00000,0x00000000f2b00000)
  from space 5120K, 99% used [0x00000000f3000000,0x00000000f34fa488,0x00000000f3500000)
  to   space 5120K, 0% used [0x00000000f2b00000,0x00000000f2b00000,0x00000000f3000000)
 ParOldGen       total 86016K, used 23502K [0x00000000c0000000, 0x00000000c5400000, 0x00000000eab00000)
  object space 86016K, 27% used [0x00000000c0000000,0x00000000c16f3a50,0x00000000c5400000)
 Metaspace       used 6183K, capacity 7128K, committed 7424K, reserved 1056768K
  class space    used 612K, capacity 656K, committed 768K, reserved 1048576K
}
Event: 7,255 GC heap before
{Heap before GC invocations=5 (full 0):
 PSYoungGen      total 136192K, used 136169K [0x00000000eab00000, 0x00000000f3500000, 0x0000000100000000)
  eden space 131072K, 100% used [0x00000000eab00000,0x00000000f2b00000,0x00000000f2b00000)
  from space 5120K, 99% used [0x00000000f3000000,0x00000000f34fa488,0x00000000f3500000)
  to   space 5120K, 0% used [0x00000000f2b00000,0x00000000f2b00000,0x00000000f3000000)
 ParOldGen       total 86016K, used 23502K [0x00000000c0000000, 0x00000000c5400000, 0x00000000eab00000)
  object space 86016K, 27% used [0x00000000c0000000,0x00000000c16f3a50,0x00000000c5400000)
 Metaspace       used 6224K, capacity 7128K, committed 7424K, reserved 1056768K
  class space    used 612K, capacity 656K, committed 768K, reserved 1048576K

Deoptimization events (10 events):
Event: 4,426 Thread 0x00007f0f1c188800 Uncommon trap: reason=bimorphic action=maybe_recompile pc=0x00007f0f0d5a0bf0 method=com.android.dx.cf.code.BytecodeArray.parseInstruction(ILcom/android/dx/cf/code/BytecodeArray$Visitor;)I @ 1130
Event: 4,426 Thread 0x00007f0f1c188800 Uncommon trap: reason=bimorphic action=maybe_recompile pc=0x00007f0f0d5a076c method=com.android.dx.cf.code.BytecodeArray.parseInstruction(ILcom/android/dx/cf/code/BytecodeArray$Visitor;)I @ 939
Event: 4,426 Thread 0x00007f0f1c188800 Uncommon trap: reason=bimorphic action=maybe_recompile pc=0x00007f0f0d5a07f0 method=com.android.dx.cf.code.BytecodeArray.parseInstruction(ILcom/android/dx/cf/code/BytecodeArray$Visitor;)I @ 955
Event: 4,426 Thread 0x00007f0f1c188800 Uncommon trap: reason=bimorphic action=maybe_recompile pc=0x00007f0f0d5a0874 method=com.android.dx.cf.code.BytecodeArray.parseInstruction(ILcom/android/dx/cf/code/BytecodeArray$Visitor;)I @ 971
Event: 4,426 Thread 0x00007f0f1c188800 Uncommon trap: reason=bimorphic action=maybe_recompile pc=0x00007f0f0d5a08f8 method=com.android.dx.cf.code.BytecodeArray.parseInstruction(ILcom/android/dx/cf/code/BytecodeArray$Visitor;)I @ 987
Event: 4,426 Thread 0x00007f0f1c188800 Uncommon trap: reason=bimorphic action=maybe_recompile pc=0x00007f0f0d5a0bf0 method=com.android.dx.cf.code.BytecodeArray.parseInstruction(ILcom/android/dx/cf/code/BytecodeArray$Visitor;)I @ 1130
Event: 4,434 Thread 0x00007f0f1c188800 Uncommon trap: reason=unstable_if action=reinterpret pc=0x00007f0f0d577d1c method=com.android.dx.rop.code.RegisterSpec.intersect(Lcom/android/dx/rop/code/RegisterSpec;Z)Lcom/android/dx/rop/code/RegisterSpec; @ 42
Event: 4,439 Thread 0x00007f0f1c185800 Uncommon trap: reason=unstable_if action=reinterpret pc=0x00007f0f0d592f00 method=com.android.dx.ssa.MoveParamCombiner$1.visitNonMoveInsn(Lcom/android/dx/ssa/NormalSsaInsn;)V @ 27
Event: 4,660 Thread 0x00007f0f1c185800 Uncommon trap: reason=unstable_if action=reinterpret pc=0x00007f0f0d369c88 method=com.android.dx.dex.code.OutputFinisher.hasLocalInfo(Lcom/android/dx/dex/code/DalvInsn;)Z @ 24
Event: 4,706 Thread 0x00007f0f1c186800 Uncommon trap: reason=unstable_if action=reinterpret pc=0x00007f0f0d4a4680 method=com.android.dx.ssa.SCCP.simulateBranch(Lcom/android/dx/ssa/SsaInsn;)V @ 548

Internal exceptions (6 events):
Event: 0,131 Thread 0x00007f0f1c009000 Exception <a 'java/lang/NoSuchMethodError': Method sun.misc.Unsafe.defineClass(Ljava/lang/String;[BII)Ljava/lang/Class; name or signature does not match> (0x00000000eab12bf8) thrown at [/HUDSON3/workspace/8-2-build-linux-amd64/jdk8u73/6086/hotspot/src/sha
Event: 0,131 Thread 0x00007f0f1c009000 Exception <a 'java/lang/NoSuchMethodError': Method sun.misc.Unsafe.prefetchRead(Ljava/lang/Object;J)V name or signature does not match> (0x00000000eab12ee0) thrown at [/HUDSON3/workspace/8-2-build-linux-amd64/jdk8u73/6086/hotspot/src/share/vm/prims/jni.cp
Event: 1,250 Thread 0x00007f0f1c185800 Implicit null exception at 0x00007f0f0d2aed6c to 0x00007f0f0d2b1d6d
Event: 1,816 Thread 0x00007f0f1c009000 Exception <a 'java/lang/ArrayIndexOutOfBoundsException': 18> (0x00000000ecf5c468) thrown at [/HUDSON3/workspace/8-2-build-linux-amd64/jdk8u73/6086/hotspot/src/share/vm/interpreter/interpreterRuntime.cpp, line 366]
Event: 1,816 Thread 0x00007f0f1c009000 Exception <a 'java/lang/ArrayIndexOutOfBoundsException': 145> (0x00000000ecf5dfe8) thrown at [/HUDSON3/workspace/8-2-build-linux-amd64/jdk8u73/6086/hotspot/src/share/vm/interpreter/interpreterRuntime.cpp, line 366]
Event: 1,819 Thread 0x00007f0f1c009000 Exception <a 'java/lang/ArrayIndexOutOfBoundsException': 40> (0x00000000ecf5f2d0) thrown at [/HUDSON3/workspace/8-2-build-linux-amd64/jdk8u73/6086/hotspot/src/share/vm/interpreter/interpreterRuntime.cpp, line 366]

Events (10 events):
Event: 7,092 Thread 0x00007f0f1c186800 DEOPT PACKING pc=0x00007f0f0d4d1a41 sp=0x00007f0ed543a150
Event: 7,092 Thread 0x00007f0f1c185800 DEOPT UNPACKING pc=0x00007f0f0d047633 sp=0x00007f0ed553ac28 mode 0
Event: 7,092 Thread 0x00007f0f1c182000 DEOPT UNPACKING pc=0x00007f0f0d047633 sp=0x00007f0ee82e0ab0 mode 0
Event: 7,092 Thread 0x00007f0f1c186800 DEOPT UNPACKING pc=0x00007f0f0d047633 sp=0x00007f0ed5439f30 mode 0
Event: 7,094 Thread 0x00007f0f1c186800 DEOPT PACKING pc=0x00007f0f0d4b32df sp=0x00007f0ed543a160
Event: 7,094 Thread 0x00007f0f1c186800 DEOPT UNPACKING pc=0x00007f0f0d047633 sp=0x00007f0ed5439ef8 mode 0
Event: 7,225 loading class java/util/HashMap$KeySet
Event: 7,229 Thread 0x00007f0f1c185800 DEOPT PACKING pc=0x00007f0f0d3a912c sp=0x00007f0ed553b130
Event: 7,229 Thread 0x00007f0f1c185800 DEOPT UNPACKING pc=0x00007f0f0d047633 sp=0x00007f0ed553ae30 mode 0
Event: 7,236 Executing VM operation: ParallelGCFailedAllocation


Dynamic libraries:
00400000-00401000 r-xp 00000000 fd:00 411678                             /usr/java/jdk1.8.0_73/bin/java
00600000-00601000 rw-p 00000000 fd:00 411678                             /usr/java/jdk1.8.0_73/bin/java
00610000-00631000 rw-p 00000000 00:00 0                                  [heap]
c0000000-c5400000 rw-p 00000000 00:00 0 
c5400000-eab00000 ---p 00000000 00:00 0 
eab00000-f3500000 rw-p 00000000 00:00 0 
fdb00000-100000000 ---p 00000000 00:00 0 
100000000-1000c0000 rw-p 00000000 00:00 0 
1000c0000-140000000 ---p 00000000 00:00 0 
7f0ea0000000-7f0ea0021000 rw-p 00000000 00:00 0 
7f0ea0021000-7f0ea4000000 ---p 00000000 00:00 0 
7f0ea8000000-7f0ea8021000 rw-p 00000000 00:00 0 
7f0ea8021000-7f0eac000000 ---p 00000000 00:00 0 
7f0eac000000-7f0eac021000 rw-p 00000000 00:00 0 
7f0eac021000-7f0eb0000000 ---p 00000000 00:00 0 
7f0eb0000000-7f0eb0078000 rw-p 00000000 00:00 0 
7f0eb0078000-7f0eb4000000 ---p 00000000 00:00 0 
7f0eb4000000-7f0eb4021000 rw-p 00000000 00:00 0 
7f0eb4021000-7f0eb8000000 ---p 00000000 00:00 0 
7f0eb8000000-7f0eb8021000 rw-p 00000000 00:00 0 
7f0eb8021000-7f0ebc000000 ---p 00000000 00:00 0 
7f0ebc000000-7f0ebc021000 rw-p 00000000 00:00 0 
7f0ebc021000-7f0ec0000000 ---p 00000000 00:00 0 
7f0ec0000000-7f0ec0e9e000 rw-p 00000000 00:00 0 
7f0ec0e9e000-7f0ec4000000 ---p 00000000 00:00 0 
7f0ec4000000-7f0ec46a3000 rw-p 00000000 00:00 0 
7f0ec46a3000-7f0ec8000000 ---p 00000000 00:00 0 
7f0ec8000000-7f0ec8ba2000 rw-p 00000000 00:00 0 
7f0ec8ba2000-7f0ecc000000 ---p 00000000 00:00 0 
7f0ecc000000-7f0ecca6b000 rw-p 00000000 00:00 0 
7f0ecca6b000-7f0ed0000000 ---p 00000000 00:00 0 
7f0ed0000000-7f0ed0021000 rw-p 00000000 00:00 0 
7f0ed0021000-7f0ed4000000 ---p 00000000 00:00 0 
7f0ed523a000-7f0ed523d000 ---p 00000000 00:00 0 
7f0ed523d000-7f0ed533b000 rw-p 00000000 00:00 0                          [stack:36712]
7f0ed533b000-7f0ed533e000 ---p 00000000 00:00 0 
7f0ed533e000-7f0ed543c000 rw-p 00000000 00:00 0                          [stack:36711]
7f0ed543c000-7f0ed543f000 ---p 00000000 00:00 0 
7f0ed543f000-7f0ed553d000 rw-p 00000000 00:00 0                          [stack:36710]
7f0ed553d000-7f0edc000000 r--p 00000000 fd:00 411877                     /usr/lib/locale/locale-archive
7f0edc000000-7f0edc021000 rw-p 00000000 00:00 0 
7f0edc021000-7f0ee0000000 ---p 00000000 00:00 0 
7f0ee0000000-7f0ee0021000 rw-p 00000000 00:00 0 
7f0ee0021000-7f0ee4000000 ---p 00000000 00:00 0 
7f0ee4000000-7f0ee428e000 rw-p 00000000 00:00 0 
7f0ee428e000-7f0ee8000000 ---p 00000000 00:00 0 
7f0ee80bb000-7f0ee80e1000 r--p 00000000 fd:00 1077874                    /usr/share/locale/de/LC_MESSAGES/libc.mo
7f0ee80e1000-7f0ee80e4000 ---p 00000000 00:00 0 
7f0ee80e4000-7f0ee81e2000 rw-p 00000000 00:00 0                          [stack:36709]
7f0ee81e2000-7f0ee81e5000 ---p 00000000 00:00 0 
7f0ee81e5000-7f0ee82e3000 rw-p 00000000 00:00 0                          [stack:36708]
7f0ee82e3000-7f0ee82e4000 ---p 00000000 00:00 0 
7f0ee82e4000-7f0ee83e4000 rw-p 00000000 00:00 0                          [stack:36691]
7f0ee83e4000-7f0ee83e7000 ---p 00000000 00:00 0 
7f0ee83e7000-7f0ee84e5000 rw-p 00000000 00:00 0                          [stack:36690]
7f0ee84e5000-7f0ee84e8000 ---p 00000000 00:00 0 
7f0ee84e8000-7f0ee85e6000 rw-p 00000000 00:00 0                          [stack:36689]
7f0ee85e6000-7f0ee85e9000 ---p 00000000 00:00 0 
7f0ee85e9000-7f0ee86e7000 rw-p 00000000 00:00 0                          [stack:36688]
7f0ee86e7000-7f0ee86ea000 ---p 00000000 00:00 0 
7f0ee86ea000-7f0ee87e8000 rw-p 00000000 00:00 0                          [stack:36681]
7f0ee87e8000-7f0ee87eb000 ---p 00000000 00:00 0 
7f0ee87eb000-7f0ee88e9000 rw-p 00000000 00:00 0                          [stack:36673]
7f0ee88e9000-7f0ee88ec000 ---p 00000000 00:00 0 
7f0ee88ec000-7f0ee89ea000 rw-p 00000000 00:00 0                          [stack:36670]
7f0ee89ea000-7f0ee89ed000 ---p 00000000 00:00 0 
7f0ee89ed000-7f0ee8aeb000 rw-p 00000000 00:00 0                          [stack:36663]
7f0ee8aeb000-7f0ee8aee000 ---p 00000000 00:00 0 
7f0ee8aee000-7f0ee8bec000 rw-p 00000000 00:00 0                          [stack:36659]
7f0ee8bec000-7f0ee8bed000 ---p 00000000 00:00 0 
7f0ee8bed000-7f0eec000000 rw-p 00000000 00:00 0                          [stack:36657]
7f0eec000000-7f0eec021000 rw-p 00000000 00:00 0 
7f0eec021000-7f0ef0000000 ---p 00000000 00:00 0 
7f0ef0000000-7f0ef0021000 rw-p 00000000 00:00 0 
7f0ef0021000-7f0ef4000000 ---p 00000000 00:00 0 
7f0ef4000000-7f0ef4021000 rw-p 00000000 00:00 0 
7f0ef4021000-7f0ef8000000 ---p 00000000 00:00 0 
7f0ef8000000-7f0ef8021000 rw-p 00000000 00:00 0 
7f0ef8021000-7f0efc000000 ---p 00000000 00:00 0 
7f0efc000000-7f0efc021000 rw-p 00000000 00:00 0 
7f0efc021000-7f0f00000000 ---p 00000000 00:00 0 
7f0f00000000-7f0f00021000 rw-p 00000000 00:00 0 
7f0f00021000-7f0f04000000 ---p 00000000 00:00 0 
7f0f04000000-7f0f04021000 rw-p 00000000 00:00 0 
7f0f04021000-7f0f08000000 ---p 00000000 00:00 0 
7f0f08000000-7f0f08021000 rw-p 00000000 00:00 0 
7f0f08021000-7f0f0c000000 ---p 00000000 00:00 0 
7f0f0c003000-7f0f0c012000 r--s 000df000 08:02 270003                     /home/david/bin/android-sdk/build-tools/23.0.3/lib/dx.jar
7f0f0c012000-7f0f0ce80000 rw-p 00000000 00:00 0 
7f0f0ce80000-7f0f0d000000 ---p 00000000 00:00 0 
7f0f0d000000-7f0f0d670000 rwxp 00000000 00:00 0 
7f0f0d670000-7f0f1c000000 ---p 00000000 00:00 0 
7f0f1c000000-7f0f1c3b8000 rw-p 00000000 00:00 0 
7f0f1c3b8000-7f0f20000000 ---p 00000000 00:00 0 
7f0f2000c000-7f0f2015c000 rw-p 00000000 00:00 0 
7f0f2015c000-7f0f20334000 r--s 03cdb000 fd:00 413336                     /usr/java/jdk1.8.0_73/jre/lib/rt.jar
7f0f20334000-7f0f205aa000 rw-p 00000000 00:00 0 
7f0f205aa000-7f0f205ab000 ---p 00000000 00:00 0 
7f0f205ab000-7f0f206ab000 rw-p 00000000 00:00 0                          [stack:36650]
7f0f206ab000-7f0f206ac000 ---p 00000000 00:00 0 
7f0f206ac000-7f0f207ac000 rw-p 00000000 00:00 0                          [stack:36646]
7f0f207ac000-7f0f207ad000 ---p 00000000 00:00 0 
7f0f207ad000-7f0f208ad000 rw-p 00000000 00:00 0                          [stack:36643]
7f0f208ad000-7f0f208ae000 ---p 00000000 00:00 0 
7f0f208ae000-7f0f209ae000 rw-p 00000000 00:00 0                          [stack:36639]
7f0f209ae000-7f0f209af000 ---p 00000000 00:00 0 
7f0f209af000-7f0f20aaf000 rw-p 00000000 00:00 0                          [stack:36635]
7f0f20aaf000-7f0f20ab0000 ---p 00000000 00:00 0 
7f0f20ab0000-7f0f20bb0000 rw-p 00000000 00:00 0                          [stack:36632]
7f0f20bb0000-7f0f20bb1000 ---p 00000000 00:00 0 
7f0f20bb1000-7f0f20cb1000 rw-p 00000000 00:00 0                          [stack:36628]
7f0f20cb1000-7f0f20cb2000 ---p 00000000 00:00 0 
7f0f20cb2000-7f0f20ddc000 rw-p 00000000 00:00 0                          [stack:36625]
7f0f20ddc000-7f0f20f08000 ---p 00000000 00:00 0 
7f0f20f08000-7f0f20f32000 rw-p 00000000 00:00 0 
7f0f20f32000-7f0f2105d000 ---p 00000000 00:00 0 
7f0f2105d000-7f0f210a3000 rw-p 00000000 00:00 0 
7f0f210a3000-7f0f21108000 ---p 00000000 00:00 0 
7f0f21108000-7f0f21123000 rw-p 00000000 00:00 0 
7f0f21123000-7f0f214c9000 ---p 00000000 00:00 0 
7f0f214c9000-7f0f214e3000 r-xp 00000000 fd:00 413318                     /usr/java/jdk1.8.0_73/jre/lib/amd64/libzip.so
7f0f214e3000-7f0f216e3000 ---p 0001a000 fd:00 413318                     /usr/java/jdk1.8.0_73/jre/lib/amd64/libzip.so
7f0f216e3000-7f0f216e4000 rw-p 0001a000 fd:00 413318                     /usr/java/jdk1.8.0_73/jre/lib/amd64/libzip.so
7f0f216e4000-7f0f216ef000 r-xp 00000000 fd:00 401181                     /usr/lib64/libnss_files-2.22.so
7f0f216ef000-7f0f218ee000 ---p 0000b000 fd:00 401181                     /usr/lib64/libnss_files-2.22.so
7f0f218ee000-7f0f218ef000 r--p 0000a000 fd:00 401181                     /usr/lib64/libnss_files-2.22.so
7f0f218ef000-7f0f218f0000 rw-p 0000b000 fd:00 401181                     /usr/lib64/libnss_files-2.22.so
7f0f218f0000-7f0f218f6000 rw-p 00000000 00:00 0 
7f0f218f6000-7f0f21920000 r-xp 00000000 fd:00 411827                     /usr/java/jdk1.8.0_73/jre/lib/amd64/libjava.so
7f0f21920000-7f0f21b20000 ---p 0002a000 fd:00 411827                     /usr/java/jdk1.8.0_73/jre/lib/amd64/libjava.so
7f0f21b20000-7f0f21b22000 rw-p 0002a000 fd:00 411827                     /usr/java/jdk1.8.0_73/jre/lib/amd64/libjava.so
7f0f21b22000-7f0f21b2f000 r-xp 00000000 fd:00 413317                     /usr/java/jdk1.8.0_73/jre/lib/amd64/libverify.so
7f0f21b2f000-7f0f21d2f000 ---p 0000d000 fd:00 413317                     /usr/java/jdk1.8.0_73/jre/lib/amd64/libverify.so
7f0f21d2f000-7f0f21d31000 rw-p 0000d000 fd:00 413317                     /usr/java/jdk1.8.0_73/jre/lib/amd64/libverify.so
7f0f21d31000-7f0f21d38000 r-xp 00000000 fd:00 401289                     /usr/lib64/librt-2.22.so
7f0f21d38000-7f0f21f37000 ---p 00007000 fd:00 401289                     /usr/lib64/librt-2.22.so
7f0f21f37000-7f0f21f38000 r--p 00006000 fd:00 401289                     /usr/lib64/librt-2.22.so
7f0f21f38000-7f0f21f39000 rw-p 00007000 fd:00 401289                     /usr/lib64/librt-2.22.so
7f0f21f39000-7f0f2203a000 r-xp 00000000 fd:00 400807                     /usr/lib64/libm-2.22.so
7f0f2203a000-7f0f22239000 ---p 00101000 fd:00 400807                     /usr/lib64/libm-2.22.so
7f0f22239000-7f0f2223a000 r--p 00100000 fd:00 400807                     /usr/lib64/libm-2.22.so
7f0f2223a000-7f0f2223b000 rw-p 00101000 fd:00 400807                     /usr/lib64/libm-2.22.so
7f0f2223b000-7f0f22efa000 r-xp 00000000 fd:00 413322                     /usr/java/jdk1.8.0_73/jre/lib/amd64/server/libjvm.so
7f0f22efa000-7f0f230f9000 ---p 00cbf000 fd:00 413322                     /usr/java/jdk1.8.0_73/jre/lib/amd64/server/libjvm.so
7f0f230f9000-7f0f231d2000 rw-p 00cbe000 fd:00 413322                     /usr/java/jdk1.8.0_73/jre/lib/amd64/server/libjvm.so
7f0f231d2000-7f0f2321b000 rw-p 00000000 00:00 0 
7f0f2321b000-7f0f233d2000 r-xp 00000000 fd:00 400661                     /usr/lib64/libc-2.22.so
7f0f233d2000-7f0f235d2000 ---p 001b7000 fd:00 400661                     /usr/lib64/libc-2.22.so
7f0f235d2000-7f0f235d6000 r--p 001b7000 fd:00 400661                     /usr/lib64/libc-2.22.so
7f0f235d6000-7f0f235d8000 rw-p 001bb000 fd:00 400661                     /usr/lib64/libc-2.22.so
7f0f235d8000-7f0f235dc000 rw-p 00000000 00:00 0 
7f0f235dc000-7f0f235df000 r-xp 00000000 fd:00 400784                     /usr/lib64/libdl-2.22.so
7f0f235df000-7f0f237de000 ---p 00003000 fd:00 400784                     /usr/lib64/libdl-2.22.so
7f0f237de000-7f0f237df000 r--p 00002000 fd:00 400784                     /usr/lib64/libdl-2.22.so
7f0f237df000-7f0f237e0000 rw-p 00003000 fd:00 400784                     /usr/lib64/libdl-2.22.so
7f0f237e0000-7f0f237f5000 r-xp 00000000 fd:00 538000                     /usr/java/jdk1.8.0_73/lib/amd64/jli/libjli.so
7f0f237f5000-7f0f239f5000 ---p 00015000 fd:00 538000                     /usr/java/jdk1.8.0_73/lib/amd64/jli/libjli.so
7f0f239f5000-7f0f239f6000 rw-p 00015000 fd:00 538000                     /usr/java/jdk1.8.0_73/lib/amd64/jli/libjli.so
7f0f239f6000-7f0f23a0e000 r-xp 00000000 fd:00 401185                     /usr/lib64/libpthread-2.22.so
7f0f23a0e000-7f0f23c0d000 ---p 00018000 fd:00 401185                     /usr/lib64/libpthread-2.22.so
7f0f23c0d000-7f0f23c0e000 r--p 00017000 fd:00 401185                     /usr/lib64/libpthread-2.22.so
7f0f23c0e000-7f0f23c0f000 rw-p 00018000 fd:00 401185                     /usr/lib64/libpthread-2.22.so
7f0f23c0f000-7f0f23c13000 rw-p 00000000 00:00 0 
7f0f23c13000-7f0f23c34000 r-xp 00000000 fd:00 411846                     /usr/lib64/ld-2.22.so
7f0f23c3c000-7f0f23d15000 rw-p 00000000 00:00 0 
7f0f23d15000-7f0f23d18000 ---p 00000000 00:00 0 
7f0f23d18000-7f0f23e1a000 rw-p 00000000 00:00 0                          [stack:36621]
7f0f23e20000-7f0f23e21000 rw-p 00000000 00:00 0 
7f0f23e21000-7f0f23e28000 r--s 00000000 fd:00 657352                     /usr/lib64/gconv/gconv-modules.cache
7f0f23e28000-7f0f23e30000 rw-s 00000000 00:28 1620181                    /tmp/hsperfdata_david/36613
7f0f23e30000-7f0f23e31000 rw-p 00000000 00:00 0 
7f0f23e31000-7f0f23e32000 ---p 00000000 00:00 0 
7f0f23e32000-7f0f23e33000 rw-p 00000000 00:00 0 
7f0f23e33000-7f0f23e34000 r--p 00020000 fd:00 411846                     /usr/lib64/ld-2.22.so
7f0f23e34000-7f0f23e35000 rw-p 00021000 fd:00 411846                     /usr/lib64/ld-2.22.so
7f0f23e35000-7f0f23e36000 rw-p 00000000 00:00 0 
7ffc85305000-7ffc85326000 rw-p 00000000 00:00 0                          [stack]
7ffc853b4000-7ffc853b6000 r--p 00000000 00:00 0                          [vvar]
7ffc853b6000-7ffc853b8000 r-xp 00000000 00:00 0                          [vdso]
ffffffffff600000-ffffffffff601000 r-xp 00000000 00:00 0                  [vsyscall]

VM Arguments:
jvm_args: -Djava.awt.headless=true -Xmx1024M -Dfile.encoding=UTF-8 -Duser.country=DE -Duser.language=de -Duser.variant 
java_command: com.android.dx.command.Main --dex --force-jumbo --num-threads=4 --multi-dex --output /home/david/openhab_android/BootstrapOpenhabNodes/app/build/intermediates/transforms/dex/debug/folders/1000/10/com.android.support-appcompat-v7-23.3.0_52ba578641c1121adfd3cb9ef44aaea8e4064031 /home/david/openhab_android/BootstrapOpenhabNodes/app/build/intermediates/exploded-aar/com.android.support/appcompat-v7/23.3.0/jars/classes.jar
java_class_path (initial): /home/david/bin/android-sdk/build-tools/23.0.3/lib/dx.jar
Launcher Type: SUN_STANDARD

Environment Variables:
PATH=/usr/lib64/qt-3.3/bin:/home/david/.rvm/gems/ruby-2.1.6/bin:/home/david/.rvm/gems/ruby-2.1.6@global/bin:/home/david/.rvm/rubies/ruby-2.1.6/bin:/usr/local/bin:/usr/local/sbin:/usr/bin:/usr/sbin:/home/david/.rvm/bin:/home/david/.rvm/bin:/home/david/.rvm/gems/ruby-2.1.6/bin:/home/david/.rvm/gems/ruby-2.1.6@global/bin:/home/david/.rvm/rubies/ruby-2.1.6/bin:/home/david/.local/bin:/home/david/bin:/home/david/bin/android-sdk/platform-tools
USERNAME=david
LD_LIBRARY_PATH=/home/david/bin/android-studio/bin:
SHELL=/bin/bash
DISPLAY=:0

Signal Handlers:
SIGSEGV: [libjvm.so+0xabafa0], sa_mask[0]=11111111011111111101111111111110, sa_flags=SA_RESTART|SA_SIGINFO
SIGBUS: [libjvm.so+0xabafa0], sa_mask[0]=11111111011111111101111111111110, sa_flags=SA_RESTART|SA_SIGINFO
SIGFPE: [libjvm.so+0x9183c0], sa_mask[0]=11111111011111111101111111111110, sa_flags=SA_RESTART|SA_SIGINFO
SIGPIPE: [libjvm.so+0x9183c0], sa_mask[0]=11111111011111111101111111111110, sa_flags=SA_RESTART|SA_SIGINFO
SIGXFSZ: [libjvm.so+0x9183c0], sa_mask[0]=11111111011111111101111111111110, sa_flags=SA_RESTART|SA_SIGINFO
SIGILL: [libjvm.so+0x9183c0], sa_mask[0]=11111111011111111101111111111110, sa_flags=SA_RESTART|SA_SIGINFO
SIGUSR1: SIG_DFL, sa_mask[0]=00000000000000000000000000000000, sa_flags=none
SIGUSR2: [libjvm.so+0x9199f0], sa_mask[0]=00100000000000000000000000000000, sa_flags=SA_RESTART|SA_SIGINFO
SIGHUP: [libjvm.so+0x91adf0], sa_mask[0]=11111111011111111101111111111110, sa_flags=SA_RESTART|SA_SIGINFO
SIGINT: [libjvm.so+0x91adf0], sa_mask[0]=11111111011111111101111111111110, sa_flags=SA_RESTART|SA_SIGINFO
SIGTERM: [libjvm.so+0x91adf0], sa_mask[0]=11111111011111111101111111111110, sa_flags=SA_RESTART|SA_SIGINFO
SIGQUIT: [libjvm.so+0x91adf0], sa_mask[0]=11111111011111111101111111111110, sa_flags=SA_RESTART|SA_SIGINFO


---------------  S Y S T E M  ---------------

OS:Fedora release 23 (Twenty Three)

uname:Linux 4.4.7-300.fc23.x86_64 #1 SMP Wed Apr 13 02:52:52 UTC 2016 x86_64
libc:glibc 2.22 NPTL 2.22 
rlimit: STACK 8192k, CORE 0k, NPROC 31584, NOFILE 4096, AS infinity
load average:7,09 2,15 1,27

/proc/meminfo:
MemTotal:        8157388 kB
MemFree:           63692 kB
MemAvailable:     127996 kB
Buffers:            1560 kB
Cached:           712644 kB
SwapCached:            0 kB
Active:          4079744 kB
Inactive:         700180 kB
Active(anon):    4072152 kB
Inactive(anon):   648552 kB
Active(file):       7592 kB
Inactive(file):    51628 kB
Unevictable:         256 kB
Mlocked:             256 kB
SwapTotal:             0 kB
SwapFree:              0 kB
Dirty:               532 kB
Writeback:          9048 kB
AnonPages:       4067032 kB
Mapped:            62976 kB
Shmem:            653824 kB
Slab:             169360 kB
SReclaimable:      47588 kB
SUnreclaim:       121772 kB
KernelStack:       17424 kB
PageTables:        60520 kB
NFS_Unstable:          0 kB
Bounce:                0 kB
WritebackTmp:          0 kB
CommitLimit:     4078692 kB
Committed_AS:   10278372 kB
VmallocTotal:   34359738367 kB
VmallocUsed:           0 kB
VmallocChunk:          0 kB
HardwareCorrupted:     0 kB
AnonHugePages:         0 kB
CmaTotal:              0 kB
CmaFree:               0 kB
HugePages_Total:       0
HugePages_Free:        0
HugePages_Rsvd:        0
HugePages_Surp:        0
Hugepagesize:       2048 kB
DirectMap4k:      667040 kB
DirectMap2M:     7720960 kB
DirectMap1G:     2097152 kB


CPU:total 8 (8 cores per cpu, 1 threads per core) family 6 model 60 stepping 3, cmov, cx8, fxsr, mmx, sse, sse2, sse3, ssse3, sse4.1, sse4.2, popcnt, avx, avx2, aes, clmul, erms, lzcnt, tsc, tscinvbit, bmi1, bmi2

/proc/cpuinfo:
processor	: 0
vendor_id	: GenuineIntel
cpu family	: 6
model		: 60
model name	: Intel(R) Core(TM) i7-4770 CPU @ 3.40GHz
stepping	: 3
microcode	: 0x1e
cpu MHz		: 3400.015
cache size	: 8192 KB
physical id	: 0
siblings	: 8
core id		: 0
cpu cores	: 8
apicid		: 0
initial apicid	: 0
fpu		: yes
fpu_exception	: yes
cpuid level	: 13
wp		: yes
flags		: fpu vme de pse tsc msr pae mce cx8 apic sep mtrr pge mca cmov pat pse36 clflush dts mmx fxsr sse sse2 ss ht syscall nx pdpe1gb rdtscp lm constant_tsc arch_perfmon pebs bts nopl xtopology tsc_reliable nonstop_tsc aperfmperf eagerfpu pni pclmulqdq ssse3 fma cx16 pcid sse4_1 sse4_2 x2apic movbe popcnt tsc_deadline_timer aes xsave avx f16c rdrand hypervisor lahf_lm abm ida arat pln pts dtherm fsgsbase tsc_adjust bmi1 avx2 smep bmi2 invpcid xsaveopt
bugs		:
bogomips	: 6800.03
clflush size	: 64
cache_alignment	: 64
address sizes	: 42 bits physical, 48 bits virtual
power management:

processor	: 1
vendor_id	: GenuineIntel
cpu family	: 6
model		: 60
model name	: Intel(R) Core(TM) i7-4770 CPU @ 3.40GHz
stepping	: 3
microcode	: 0x1e
cpu MHz		: 3400.015
cache size	: 8192 KB
physical id	: 0
siblings	: 8
core id		: 1
cpu cores	: 8
apicid		: 1
initial apicid	: 1
fpu		: yes
fpu_exception	: yes
cpuid level	: 13
wp		: yes
flags		: fpu vme de pse tsc msr pae mce cx8 apic sep mtrr pge mca cmov pat pse36 clflush dts mmx fxsr sse sse2 ss ht syscall nx pdpe1gb rdtscp lm constant_tsc arch_perfmon pebs bts nopl xtopology tsc_reliable nonstop_tsc aperfmperf eagerfpu pni pclmulqdq ssse3 fma cx16 pcid sse4_1 sse4_2 x2apic movbe popcnt tsc_deadline_timer aes xsave avx f16c rdrand hypervisor lahf_lm abm ida arat pln pts dtherm fsgsbase tsc_adjust bmi1 avx2 smep bmi2 invpcid xsaveopt
bugs		:
bogomips	: 6800.03
clflush size	: 64
cache_alignment	: 64
address sizes	: 42 bits physical, 48 bits virtual
power management:

processor	: 2
vendor_id	: GenuineIntel
cpu family	: 6
model		: 60
model name	: Intel(R) Core(TM) i7-4770 CPU @ 3.40GHz
stepping	: 3
microcode	: 0x1e
cpu MHz		: 3400.015
cache size	: 8192 KB
physical id	: 0
siblings	: 8
core id		: 2
cpu cores	: 8
apicid		: 2
initial apicid	: 2
fpu		: yes
fpu_exception	: yes
cpuid level	: 13
wp		: yes
flags		: fpu vme de pse tsc msr pae mce cx8 apic sep mtrr pge mca cmov pat pse36 clflush dts mmx fxsr sse sse2 ss ht syscall nx pdpe1gb rdtscp lm constant_tsc arch_perfmon pebs bts nopl xtopology tsc_reliable nonstop_tsc aperfmperf eagerfpu pni pclmulqdq ssse3 fma cx16 pcid sse4_1 sse4_2 x2apic movbe popcnt tsc_deadline_timer aes xsave avx f16c rdrand hypervisor lahf_lm abm ida arat pln pts dtherm fsgsbase tsc_adjust bmi1 avx2 smep bmi2 invpcid xsaveopt
bugs		:
bogomips	: 6800.03
clflush size	: 64
cache_alignment	: 64
address sizes	: 42 bits physical, 48 bits virtual
power management:

processor	: 3
vendor_id	: GenuineIntel
cpu family	: 6
model		: 60
model name	: Intel(R) Core(TM) i7-4770 CPU @ 3.40GHz
stepping	: 3
microcode	: 0x1e
cpu MHz		: 3400.015
cache size	: 8192 KB
physical id	: 0
siblings	: 8
core id		: 3
cpu cores	: 8
apicid		: 3
initial apicid	: 3
fpu		: yes
fpu_exception	: yes
cpuid level	: 13
wp		: yes
flags		: fpu vme de pse tsc msr pae mce cx8 apic sep mtrr pge mca cmov pat pse36 clflush dts mmx fxsr sse sse2 ss ht syscall nx pdpe1gb rdtscp lm constant_tsc arch_perfmon pebs bts nopl xtopology tsc_reliable nonstop_tsc aperfmperf eagerfpu pni pclmulqdq ssse3 fma cx16 pcid sse4_1 sse4_2 x2apic movbe popcnt tsc_deadline_timer aes xsave avx f16c rdrand hypervisor lahf_lm abm ida arat pln pts dtherm fsgsbase tsc_adjust bmi1 avx2 smep bmi2 invpcid xsaveopt
bugs		:
bogomips	: 6800.03
clflush size	: 64
cache_alignment	: 64
address sizes	: 42 bits physical, 48 bits virtual
power management:

processor	: 4
vendor_id	: GenuineIntel
cpu family	: 6
model		: 60
model name	: Intel(R) Core(TM) i7-4770 CPU @ 3.40GHz
stepping	: 3
microcode	: 0x1e
cpu MHz		: 3400.015
cache size	: 8192 KB
physical id	: 0
siblings	: 8
core id		: 4
cpu cores	: 8
apicid		: 4
initial apicid	: 4
fpu		: yes
fpu_exception	: yes
cpuid level	: 13
wp		: yes
flags		: fpu vme de pse tsc msr pae mce cx8 apic sep mtrr pge mca cmov pat pse36 clflush dts mmx fxsr sse sse2 ss ht syscall nx pdpe1gb rdtscp lm constant_tsc arch_perfmon pebs bts nopl xtopology tsc_reliable nonstop_tsc aperfmperf eagerfpu pni pclmulqdq ssse3 fma cx16 pcid sse4_1 sse4_2 x2apic movbe popcnt tsc_deadline_timer aes xsave avx f16c rdrand hypervisor lahf_lm abm ida arat pln pts dtherm fsgsbase tsc_adjust bmi1 avx2 smep bmi2 invpcid xsaveopt
bugs		:
bogomips	: 6800.03
clflush size	: 64
cache_alignment	: 64
address sizes	: 42 bits physical, 48 bits virtual
power management:

processor	: 5
vendor_id	: GenuineIntel
cpu family	: 6
model		: 60
model name	: Intel(R) Core(TM) i7-4770 CPU @ 3.40GHz
stepping	: 3
microcode	: 0x1e
cpu MHz		: 3400.015
cache size	: 8192 KB
physical id	: 0
siblings	: 8
core id		: 5
cpu cores	: 8
apicid		: 5
initial apicid	: 5
fpu		: yes
fpu_exception	: yes
cpuid level	: 13
wp		: yes
flags		: fpu vme de pse tsc msr pae mce cx8 apic sep mtrr pge mca cmov pat pse36 clflush dts mmx fxsr sse sse2 ss ht syscall nx pdpe1gb rdtscp lm constant_tsc arch_perfmon pebs bts nopl xtopology tsc_reliable nonstop_tsc aperfmperf eagerfpu pni pclmulqdq ssse3 fma cx16 pcid sse4_1 sse4_2 x2apic movbe popcnt tsc_deadline_timer aes xsave avx f16c rdrand hypervisor lahf_lm abm ida arat pln pts dtherm fsgsbase tsc_adjust bmi1 avx2 smep bmi2 invpcid xsaveopt
bugs		:
bogomips	: 6800.03
clflush size	: 64
cache_alignment	: 64
address sizes	: 42 bits physical, 48 bits virtual
power management:

processor	: 6
vendor_id	: GenuineIntel
cpu family	: 6
model		: 60
model name	: Intel(R) Core(TM) i7-4770 CPU @ 3.40GHz
stepping	: 3
microcode	: 0x1e
cpu MHz		: 3400.015
cache size	: 8192 KB
physical id	: 0
siblings	: 8
core id		: 6
cpu cores	: 8
apicid		: 6
initial apicid	: 6
fpu		: yes
fpu_exception	: yes
cpuid level	: 13
wp		: yes
flags		: fpu vme de pse tsc msr pae mce cx8 apic sep mtrr pge mca cmov pat pse36 clflush dts mmx fxsr sse sse2 ss ht syscall nx pdpe1gb rdtscp lm constant_tsc arch_perfmon pebs bts nopl xtopology tsc_reliable nonstop_tsc aperfmperf eagerfpu pni pclmulqdq ssse3 fma cx16 pcid sse4_1 sse4_2 x2apic movbe popcnt tsc_deadline_timer aes xsave avx f16c rdrand hypervisor lahf_lm abm ida arat pln pts dtherm fsgsbase tsc_adjust bmi1 avx2 smep bmi2 invpcid xsaveopt
bugs		:
bogomips	: 6800.03
clflush size	: 64
cache_alignment	: 64
address sizes	: 42 bits physical, 48 bits virtual
power management:

processor	: 7
vendor_id	: GenuineIntel
cpu family	: 6
model		: 60
model name	: Intel(R) Core(TM) i7-4770 CPU @ 3.40GHz
stepping	: 3
microcode	: 0x1e
cpu MHz		: 3400.015
cache size	: 8192 KB
physical id	: 0
siblings	: 8
core id		: 7
cpu cores	: 8
apicid		: 7
initial apicid	: 7
fpu		: yes
fpu_exception	: yes
cpuid level	: 13
wp		: yes
flags		: fpu vme de pse tsc msr pae mce cx8 apic sep mtrr pge mca cmov pat pse36 clflush dts mmx fxsr sse sse2 ss ht syscall nx pdpe1gb rdtscp lm constant_tsc arch_perfmon pebs bts nopl xtopology tsc_reliable nonstop_tsc aperfmperf eagerfpu pni pclmulqdq ssse3 fma cx16 pcid sse4_1 sse4_2 x2apic movbe popcnt tsc_deadline_timer aes xsave avx f16c rdrand hypervisor lahf_lm abm ida arat pln pts dtherm fsgsbase tsc_adjust bmi1 avx2 smep bmi2 invpcid xsaveopt
bugs		:
bogomips	: 6800.03
clflush size	: 64
cache_alignment	: 64
address sizes	: 42 bits physical, 48 bits virtual
power management:



Memory: 4k page, physical 8157388k(63692k free), swap 0k(0k free)

vm_info: Java HotSpot(TM) 64-Bit Server VM (25.73-b02) for linux-amd64 JRE (1.8.0_73-b02), built on Jan 29 2016 17:39:45 by "java_re" with gcc 4.3.0 20080428 (Red Hat 4.3.0-8)

time: Mon Apr 25 18:18:11 2016
elapsed time: 7 seconds (0d 0h 0m 7s)

